Build started 1/5/2013 12:21:50 AM.
     1>Project "C:\Users\549\Documents\GitHub\549\Experimental\SDLinit\SDLinit\SDLinit.vcxproj" on node 2 (build target(s)).
     1>InitializeBuildStatus:
         Creating "Debug\SDLinit.unsuccessfulbuild" because "AlwaysCreate" was specified.
       ClCompile:
         C:\Program Files (x86)\Microsoft Visual Studio 10.0\VC\bin\CL.exe /c /ZI /nologo /W3 /WX- /Od /Oy- /D WIN32 /D _DEBUG /D _WINDOWS /D _UNICODE /D UNICODE /Gm /EHsc /RTC1 /MDd /GS /fp:precise /Zc:wchar_t /Zc:forScope /Fo"Debug\\" /Fd"Debug\vc100.pdb" /Gd /TP /analyze- /errorReport:prompt main.cpp
         main.cpp
       ManifestResourceCompile:
         All outputs are up-to-date.
       Link:
         C:\Program Files (x86)\Microsoft Visual Studio 10.0\VC\bin\link.exe /ERRORREPORT:PROMPT /OUT:"C:\Users\549\Documents\GitHub\549\Experimental\SDLinit\Debug\SDLinit.exe" /INCREMENTAL /NOLOGO SDL.lib SDLmain.lib opengl32.lib glu32.lib kernel32.lib user32.lib gdi32.lib winspool.lib comdlg32.lib advapi32.lib shell32.lib ole32.lib oleaut32.lib uuid.lib odbc32.lib odbccp32.lib /MANIFEST /ManifestFile:"Debug\SDLinit.exe.intermediate.manifest" /MANIFESTUAC:"level='asInvoker' uiAccess='false'" /DEBUG /PDB:"C:\Users\549\Documents\GitHub\549\Experimental\SDLinit\Debug\SDLinit.pdb" /SUBSYSTEM:WINDOWS /TLBID:1 /DYNAMICBASE /NXCOMPAT /IMPLIB:"C:\Users\549\Documents\GitHub\549\Experimental\SDLinit\Debug\SDLinit.lib" /MACHINE:X86 Debug\SDLinit.exe.embed.manifest.res
         Debug\main.obj
       Manifest:
         C:\Program Files (x86)\Microsoft SDKs\Windows\v7.0A\bin\mt.exe /nologo /verbose /out:"Debug\SDLinit.exe.embed.manifest" /manifest Debug\SDLinit.exe.intermediate.manifest
         All outputs are up-to-date.
       LinkEmbedManifest:
         All outputs are up-to-date.
         SDLinit.vcxproj -> C:\Users\549\Documents\GitHub\549\Experimental\SDLinit\Debug\SDLinit.exe
       FinalizeBuildStatus:
         Deleting file "Debug\SDLinit.unsuccessfulbuild".
         Touching "Debug\SDLinit.lastbuildstate".
     1>Done Building Project "C:\Users\549\Documents\GitHub\549\Experimental\SDLinit\SDLinit\SDLinit.vcxproj" (build target(s)).

Build succeeded.

Time Elapsed 00:00:01.23
