Build started 3/5/2013 1:56:08 AM.
     1>Project "C:\Users\549\Documents\GitHub\549\Experimental\CompServer\CompServer\CompServer.vcxproj" on node 2 (build target(s)).
     1>InitializeBuildStatus:
         Creating "Debug\CompServer.unsuccessfulbuild" because "AlwaysCreate" was specified.
       ClCompile:
         C:\Program Files (x86)\Microsoft Visual Studio 10.0\VC\bin\CL.exe /c /ZI /nologo /W3 /WX- /Od /Oy- /D WIN32 /D _DEBUG /D _CONSOLE /D _UNICODE /D UNICODE /Gm /EHsc /RTC1 /MDd /GS /fp:precise /Zc:wchar_t /Zc:forScope /Fo"Debug\\" /Fd"Debug\vc100.pdb" /Gd /TP /analyze- /errorReport:prompt Server.cpp
         Server.cpp
       ManifestResourceCompile:
         All outputs are up-to-date.
       Link:
         C:\Program Files (x86)\Microsoft Visual Studio 10.0\VC\bin\link.exe /ERRORREPORT:PROMPT /OUT:"C:\Users\549\Documents\GitHub\549\Experimental\CompServer\Debug\CompServer.exe" /INCREMENTAL /NOLOGO kernel32.lib user32.lib gdi32.lib winspool.lib comdlg32.lib advapi32.lib shell32.lib ole32.lib oleaut32.lib uuid.lib odbc32.lib odbccp32.lib /MANIFEST /ManifestFile:"Debug\CompServer.exe.intermediate.manifest" /MANIFESTUAC:"level='asInvoker' uiAccess='false'" /DEBUG /PDB:"C:\Users\549\Documents\GitHub\549\Experimental\CompServer\Debug\CompServer.pdb" /SUBSYSTEM:CONSOLE /TLBID:1 /DYNAMICBASE /NXCOMPAT /IMPLIB:"C:\Users\549\Documents\GitHub\549\Experimental\CompServer\Debug\CompServer.lib" /MACHINE:X86 Debug\CompServer.exe.embed.manifest.res
         Debug\Server.obj
       Manifest:
         C:\Program Files (x86)\Microsoft SDKs\Windows\v7.0A\bin\mt.exe /nologo /verbose /out:"Debug\CompServer.exe.embed.manifest" /manifest Debug\CompServer.exe.intermediate.manifest
         All outputs are up-to-date.
       LinkEmbedManifest:
         All outputs are up-to-date.
         CompServer.vcxproj -> C:\Users\549\Documents\GitHub\549\Experimental\CompServer\Debug\CompServer.exe
       FinalizeBuildStatus:
         Deleting file "Debug\CompServer.unsuccessfulbuild".
         Touching "Debug\CompServer.lastbuildstate".
     1>Done Building Project "C:\Users\549\Documents\GitHub\549\Experimental\CompServer\CompServer\CompServer.vcxproj" (build target(s)).

Build succeeded.

Time Elapsed 00:00:01.05
