#
# A fatal error has been detected by the Java Runtime Environment:
#
#  Internal Error (javaClasses.cpp:129), pid=7124, tid=6592
#  fatal error: Invalid layout of preloaded class
#
# JRE version: 7.0_13-b20
# Java VM: Java HotSpot(TM) 64-Bit Server VM (23.7-b01 mixed mode windows-amd64 compressed oops)
# Failed to write core dump. Minidumps are not enabled by default on client versions of Windows
#
# If you would like to submit a bug report, please visit:
#   http://bugreport.sun.com/bugreport/crash.jsp
#

---------------  T H R E A D  ---------------

Current thread (0x000000000035c000):  JavaThread "Unknown thread" [_thread_in_vm, id=6592, stack(0x0000000002320000,0x0000000002420000)]

Stack: [0x0000000002320000,0x0000000002420000]

---------------  P R O C E S S  ---------------

Java Threads: ( => current thread )

Other Threads:

=>0x000000000035c000 (exited) JavaThread "Unknown thread" [_thread_in_vm, id=6592, stack(0x0000000002320000,0x0000000002420000)]

VM state:not at safepoint (not fully initialized)

VM Mutex/Monitor currently owned by a thread: None

GC Heap History (0 events):
No events

Deoptimization events (0 events):
No events

Internal exceptions (0 events):
No events

Events (10 events):
Event: 0.019 loading class 0x000000000210fa60 done
Event: 0.019 loading class 0x00000000020d1eb0 done
Event: 0.019 loading class 0x00000000020d1e80
Event: 0.019 loading class 0x000000000b38cd70
Event: 0.019 loading class 0x000000000b38cd70 done
Event: 0.019 loading class 0x000000000b38cdb0
Event: 0.019 loading class 0x000000000b38cdb0 done
Event: 0.019 loading class 0x000000000b38f110
Event: 0.019 loading class 0x000000000b38f110 done
Event: 0.019 loading class 0x00000000020d1e80 done


Dynamic libraries:
0x000000013fc20000 - 0x000000013fc53000 	C:\Program Files\Java\jre7\bin\javaw.exe
0x00000000770b0000 - 0x0000000077259000 	C:\Windows\SYSTEM32\ntdll.dll
0x0000000076e90000 - 0x0000000076faf000 	C:\Windows\system32\kernel32.dll
0x000007fefd700000 - 0x000007fefd76c000 	C:\Windows\system32\KERNELBASE.dll
0x000007feff2e0000 - 0x000007feff3bb000 	C:\Windows\system32\ADVAPI32.dll
0x000007fefdcd0000 - 0x000007fefdd6f000 	C:\Windows\system32\msvcrt.dll
0x000007fefdba0000 - 0x000007fefdbbf000 	C:\Windows\SYSTEM32\sechost.dll
0x000007fefef30000 - 0x000007feff05d000 	C:\Windows\system32\RPCRT4.dll
0x0000000076fb0000 - 0x00000000770aa000 	C:\Windows\system32\USER32.dll
0x000007fefede0000 - 0x000007fefee47000 	C:\Windows\system32\GDI32.dll
0x000007fefef20000 - 0x000007fefef2e000 	C:\Windows\system32\LPK.dll
0x000007fefeb90000 - 0x000007fefec59000 	C:\Windows\system32\USP10.dll
0x000007fefbe80000 - 0x000007fefc074000 	C:\Windows\WinSxS\amd64_microsoft.windows.common-controls_6595b64144ccf1df_6.0.7601.17514_none_fa396087175ac9ac\COMCTL32.dll
0x000007fefdd70000 - 0x000007fefdde1000 	C:\Windows\system32\SHLWAPI.dll
0x000007fefd8e0000 - 0x000007fefd90e000 	C:\Windows\system32\IMM32.DLL
0x000007fefdbc0000 - 0x000007fefdcc9000 	C:\Windows\system32\MSCTF.dll
0x0000000073410000 - 0x00000000734e1000 	C:\Program Files\Java\jre7\bin\msvcr100.dll
0x0000000066760000 - 0x0000000066e7f000 	C:\Program Files\Java\jre7\bin\server\jvm.dll
0x000007fef9130000 - 0x000007fef9139000 	C:\Windows\system32\WSOCK32.dll
0x000007fefeed0000 - 0x000007fefef1d000 	C:\Windows\system32\WS2_32.dll
0x000007fefddf0000 - 0x000007fefddf8000 	C:\Windows\system32\NSI.dll
0x000007fefa750000 - 0x000007fefa78b000 	C:\Windows\system32\WINMM.dll
0x0000000077270000 - 0x0000000077277000 	C:\Windows\system32\PSAPI.DLL
0x0000000073b00000 - 0x0000000073b0f000 	C:\Program Files\Java\jre7\bin\verify.dll
0x00000000737b0000 - 0x00000000737d8000 	C:\Program Files\Java\jre7\bin\java.dll
0x0000000073790000 - 0x00000000737a5000 	C:\Program Files\Java\jre7\bin\zip.dll

VM Arguments:
jvm_args: -Dfile.encoding=Cp1252 -Xbootclasspath:C:\Users\549\Downloads\adt-bundle-windows-x86_64\adt-bundle-windows-x86_64\sdk\platforms\android-17\android.jar 
java_command: client.projector.Client
Launcher Type: SUN_STANDARD

Environment Variables:
PATH=C:\Program Files\Common Files\Microsoft Shared\Windows Live;C:\Program Files (x86)\Common Files\Microsoft Shared\Windows Live;C:\Windows\system32;C:\Windows;C:\Windows\System32\Wbem;C:\Windows\System32\WindowsPowerShell\v1.0\;C:\Program Files (x86)\Windows Live\Shared;C:\Program Files (x86)\EgisTec MyWinLocker\x64;C:\Program Files (x86)\EgisTec MyWinLocker\;C:\Program Files (x86)\CMake 2.8\bin;C:\opencv\build\x86\vc10\bin
USERNAME=549
OS=Windows_NT
PROCESSOR_IDENTIFIER=Intel64 Family 6 Model 42 Stepping 7, GenuineIntel



---------------  S Y S T E M  ---------------

OS: Windows 7 , 64 bit Build 7601 Service Pack 1

CPU:total 4 (2 cores per cpu, 2 threads per core) family 6 model 42 stepping 7, cmov, cx8, fxsr, mmx, sse, sse2, sse3, ssse3, sse4.1, sse4.2, popcnt, avx, ht, tsc, tscinvbit

Memory: 4k page, physical 8236912k(4121472k free), swap 16471968k(9957472k free)

vm_info: Java HotSpot(TM) 64-Bit Server VM (23.7-b01) for windows-amd64 JRE (1.7.0_13-b20), built on Jan 30 2013 10:10:00 by "java_re" with unknown MS VC++:1600

time: Mon Feb 18 21:55:44 2013
elapsed time: 0 seconds

