Build started 3/4/2013 11:00:16 PM.
     1>Project "C:\Users\549\Documents\GitHub\549\Experimental\RoughInitialization\CompServer.vcxproj" on node 2 (build target(s)).
     1>InitializeBuildStatus:
         Creating "Debug\CompServer.unsuccessfulbuild" because "AlwaysCreate" was specified.
       ClCompile:
         C:\Program Files (x86)\Microsoft Visual Studio 10.0\VC\bin\CL.exe /c /Zi /nologo /W3 /WX- /Od /Oy- /D WIN32 /D _DEBUG /D _CONSOLE /Gm /EHsc /RTC1 /MDd /GS /fp:precise /Zc:wchar_t /Zc:forScope /Fo"Debug\\" /Fd"Debug\vc100.pdb" /Gd /TP /analyze- /errorReport:prompt roughinitialization\Camera.cpp roughinitialization\ControlBoard.cpp roughinitialization\ImageManip.cpp roughinitialization\main.cpp roughinitialization\Projector.cpp
         Projector.cpp
     1>c:\users\549\documents\github\549\experimental\roughinitialization\roughinitialization\Projector.h(1): fatal error C1083: Cannot open include file: 'SDL.h': No such file or directory
         main.cpp
     1>c:\users\549\documents\github\549\experimental\roughinitialization\roughinitialization\Projector.h(1): fatal error C1083: Cannot open include file: 'SDL.h': No such file or directory
         ImageManip.cpp
     1>c:\users\549\documents\github\549\experimental\roughinitialization\roughinitialization\ImageManip.h(1): fatal error C1083: Cannot open include file: 'opencv\cv.h': No such file or directory
         ControlBoard.cpp
     1>c:\users\549\documents\github\549\experimental\roughinitialization\roughinitialization\ControlBoard.h(1): fatal error C1083: Cannot open include file: 'opencv\cv.h': No such file or directory
         Camera.cpp
     1>c:\users\549\documents\github\549\experimental\roughinitialization\roughinitialization\DefinedObjects.h(1): fatal error C1083: Cannot open include file: 'opencv\cv.h': No such file or directory
         Generating Code...
     1>Done Building Project "C:\Users\549\Documents\GitHub\549\Experimental\RoughInitialization\CompServer.vcxproj" (build target(s)) -- FAILED.

Build FAILED.

Time Elapsed 00:00:01.60
