The system is: Darwin - 12.2.1 - i386
Compiling the C compiler identification source file "CMakeCCompilerId.c" succeeded.
Compiler: /usr/bin/cc 
Build flags: 
Id flags: 

The output was:
0


Compilation of the C compiler identification source "CMakeCCompilerId.c" produced "a.out"

The C compiler identification is Clang, found in "/Users/martinyiangao/Documents/my549/square/CMakeFiles/2.8.10.2/CompilerIdC/a.out"

Compiling the CXX compiler identification source file "CMakeCXXCompilerId.cpp" succeeded.
Compiler: /usr/bin/c++ 
Build flags: 
Id flags: 

The output was:
0


Compilation of the CXX compiler identification source "CMakeCXXCompilerId.cpp" produced "a.out"

The CXX compiler identification is Clang, found in "/Users/martinyiangao/Documents/my549/square/CMakeFiles/2.8.10.2/CompilerIdCXX/a.out"

Determining if the C compiler works passed with the following output:
Change Dir: /Users/martinyiangao/Documents/my549/square/CMakeFiles/CMakeTmp

Run Build Command:/usr/bin/make "cmTryCompileExec3999431195/fast"
/usr/bin/make -f CMakeFiles/cmTryCompileExec3999431195.dir/build.make CMakeFiles/cmTryCompileExec3999431195.dir/build
/usr/local/bin/cmake -E cmake_progress_report /Users/martinyiangao/Documents/my549/square/CMakeFiles/CMakeTmp/CMakeFiles 1
Building C object CMakeFiles/cmTryCompileExec3999431195.dir/testCCompiler.c.o
/usr/bin/cc    -o CMakeFiles/cmTryCompileExec3999431195.dir/testCCompiler.c.o   -c /Users/martinyiangao/Documents/my549/square/CMakeFiles/CMakeTmp/testCCompiler.c
Linking C executable cmTryCompileExec3999431195
/usr/local/bin/cmake -E cmake_link_script CMakeFiles/cmTryCompileExec3999431195.dir/link.txt --verbose=1
/usr/bin/cc      -Wl,-search_paths_first -Wl,-headerpad_max_install_names   CMakeFiles/cmTryCompileExec3999431195.dir/testCCompiler.c.o  -o cmTryCompileExec3999431195  


Detecting C compiler ABI info compiled with the following output:
Change Dir: /Users/martinyiangao/Documents/my549/square/CMakeFiles/CMakeTmp

Run Build Command:/usr/bin/make "cmTryCompileExec228232018/fast"
/usr/bin/make -f CMakeFiles/cmTryCompileExec228232018.dir/build.make CMakeFiles/cmTryCompileExec228232018.dir/build
/usr/local/bin/cmake -E cmake_progress_report /Users/martinyiangao/Documents/my549/square/CMakeFiles/CMakeTmp/CMakeFiles 1
Building C object CMakeFiles/cmTryCompileExec228232018.dir/CMakeCCompilerABI.c.o
/usr/bin/cc    -o CMakeFiles/cmTryCompileExec228232018.dir/CMakeCCompilerABI.c.o   -c /usr/local/share/cmake-2.8/Modules/CMakeCCompilerABI.c
Linking C executable cmTryCompileExec228232018
/usr/local/bin/cmake -E cmake_link_script CMakeFiles/cmTryCompileExec228232018.dir/link.txt --verbose=1
/usr/bin/cc      -Wl,-search_paths_first -Wl,-headerpad_max_install_names -v CMakeFiles/cmTryCompileExec228232018.dir/CMakeCCompilerABI.c.o  -o cmTryCompileExec228232018   
Apple clang version 4.1 (tags/Apple/clang-421.11.66) (based on LLVM 3.1svn)
Target: x86_64-apple-darwin12.2.1
Thread model: posix
 "/usr/bin/ld" -demangle -dynamic -arch x86_64 -macosx_version_min 10.8.0 -o cmTryCompileExec228232018 -search_paths_first -headerpad_max_install_names CMakeFiles/cmTryCompileExec228232018.dir/CMakeCCompilerABI.c.o -lSystem /usr/bin/../lib/clang/4.1/lib/darwin/libclang_rt.osx.a


Parsed C implicit link information from above output:
  link line regex: [^( *|.*[/\])(ld|ld|collect2)[^/\]*( |$)]
  ignore line: [Change Dir: /Users/martinyiangao/Documents/my549/square/CMakeFiles/CMakeTmp]
  ignore line: []
  ignore line: [Run Build Command:/usr/bin/make "cmTryCompileExec228232018/fast"]
  ignore line: [/usr/bin/make -f CMakeFiles/cmTryCompileExec228232018.dir/build.make CMakeFiles/cmTryCompileExec228232018.dir/build]
  ignore line: [/usr/local/bin/cmake -E cmake_progress_report /Users/martinyiangao/Documents/my549/square/CMakeFiles/CMakeTmp/CMakeFiles 1]
  ignore line: [Building C object CMakeFiles/cmTryCompileExec228232018.dir/CMakeCCompilerABI.c.o]
  ignore line: [/usr/bin/cc    -o CMakeFiles/cmTryCompileExec228232018.dir/CMakeCCompilerABI.c.o   -c /usr/local/share/cmake-2.8/Modules/CMakeCCompilerABI.c]
  ignore line: [Linking C executable cmTryCompileExec228232018]
  ignore line: [/usr/local/bin/cmake -E cmake_link_script CMakeFiles/cmTryCompileExec228232018.dir/link.txt --verbose=1]
  ignore line: [/usr/bin/cc      -Wl,-search_paths_first -Wl,-headerpad_max_install_names -v CMakeFiles/cmTryCompileExec228232018.dir/CMakeCCompilerABI.c.o  -o cmTryCompileExec228232018   ]
  ignore line: [Apple clang version 4.1 (tags/Apple/clang-421.11.66) (based on LLVM 3.1svn)]
  ignore line: [Target: x86_64-apple-darwin12.2.1]
  ignore line: [Thread model: posix]
  link line: [ "/usr/bin/ld" -demangle -dynamic -arch x86_64 -macosx_version_min 10.8.0 -o cmTryCompileExec228232018 -search_paths_first -headerpad_max_install_names CMakeFiles/cmTryCompileExec228232018.dir/CMakeCCompilerABI.c.o -lSystem /usr/bin/../lib/clang/4.1/lib/darwin/libclang_rt.osx.a]
    arg [/usr/bin/ld] ==> ignore
    arg [-demangle] ==> ignore
    arg [-dynamic] ==> ignore
    arg [-arch] ==> ignore
    arg [x86_64] ==> ignore
    arg [-macosx_version_min] ==> ignore
    arg [10.8.0] ==> ignore
    arg [-o] ==> ignore
    arg [cmTryCompileExec228232018] ==> ignore
    arg [-search_paths_first] ==> ignore
    arg [-headerpad_max_install_names] ==> ignore
    arg [CMakeFiles/cmTryCompileExec228232018.dir/CMakeCCompilerABI.c.o] ==> ignore
    arg [-lSystem] ==> lib [System]
    arg [/usr/bin/../lib/clang/4.1/lib/darwin/libclang_rt.osx.a] ==> lib [/usr/bin/../lib/clang/4.1/lib/darwin/libclang_rt.osx.a]
  remove lib [System]
  implicit libs: [/usr/bin/../lib/clang/4.1/lib/darwin/libclang_rt.osx.a]
  implicit dirs: []


Determining if the CXX compiler works passed with the following output:
Change Dir: /Users/martinyiangao/Documents/my549/square/CMakeFiles/CMakeTmp

Run Build Command:/usr/bin/make "cmTryCompileExec2026759074/fast"
/usr/bin/make -f CMakeFiles/cmTryCompileExec2026759074.dir/build.make CMakeFiles/cmTryCompileExec2026759074.dir/build
/usr/local/bin/cmake -E cmake_progress_report /Users/martinyiangao/Documents/my549/square/CMakeFiles/CMakeTmp/CMakeFiles 1
Building CXX object CMakeFiles/cmTryCompileExec2026759074.dir/testCXXCompiler.cxx.o
/usr/bin/c++     -o CMakeFiles/cmTryCompileExec2026759074.dir/testCXXCompiler.cxx.o -c /Users/martinyiangao/Documents/my549/square/CMakeFiles/CMakeTmp/testCXXCompiler.cxx
Linking CXX executable cmTryCompileExec2026759074
/usr/local/bin/cmake -E cmake_link_script CMakeFiles/cmTryCompileExec2026759074.dir/link.txt --verbose=1
/usr/bin/c++       -Wl,-search_paths_first -Wl,-headerpad_max_install_names   CMakeFiles/cmTryCompileExec2026759074.dir/testCXXCompiler.cxx.o  -o cmTryCompileExec2026759074  


Detecting CXX compiler ABI info compiled with the following output:
Change Dir: /Users/martinyiangao/Documents/my549/square/CMakeFiles/CMakeTmp

Run Build Command:/usr/bin/make "cmTryCompileExec4079146076/fast"
/usr/bin/make -f CMakeFiles/cmTryCompileExec4079146076.dir/build.make CMakeFiles/cmTryCompileExec4079146076.dir/build
/usr/local/bin/cmake -E cmake_progress_report /Users/martinyiangao/Documents/my549/square/CMakeFiles/CMakeTmp/CMakeFiles 1
Building CXX object CMakeFiles/cmTryCompileExec4079146076.dir/CMakeCXXCompilerABI.cpp.o
/usr/bin/c++     -o CMakeFiles/cmTryCompileExec4079146076.dir/CMakeCXXCompilerABI.cpp.o -c /usr/local/share/cmake-2.8/Modules/CMakeCXXCompilerABI.cpp
Linking CXX executable cmTryCompileExec4079146076
/usr/local/bin/cmake -E cmake_link_script CMakeFiles/cmTryCompileExec4079146076.dir/link.txt --verbose=1
/usr/bin/c++       -Wl,-search_paths_first -Wl,-headerpad_max_install_names -v CMakeFiles/cmTryCompileExec4079146076.dir/CMakeCXXCompilerABI.cpp.o  -o cmTryCompileExec4079146076   
Apple clang version 4.1 (tags/Apple/clang-421.11.66) (based on LLVM 3.1svn)
Target: x86_64-apple-darwin12.2.1
Thread model: posix
 "/usr/bin/ld" -demangle -dynamic -arch x86_64 -macosx_version_min 10.8.0 -o cmTryCompileExec4079146076 -search_paths_first -headerpad_max_install_names CMakeFiles/cmTryCompileExec4079146076.dir/CMakeCXXCompilerABI.cpp.o -lstdc++ -lSystem /usr/bin/../lib/clang/4.1/lib/darwin/libclang_rt.osx.a


Parsed CXX implicit link information from above output:
  link line regex: [^( *|.*[/\])(ld|ld|collect2)[^/\]*( |$)]
  ignore line: [Change Dir: /Users/martinyiangao/Documents/my549/square/CMakeFiles/CMakeTmp]
  ignore line: []
  ignore line: [Run Build Command:/usr/bin/make "cmTryCompileExec4079146076/fast"]
  ignore line: [/usr/bin/make -f CMakeFiles/cmTryCompileExec4079146076.dir/build.make CMakeFiles/cmTryCompileExec4079146076.dir/build]
  ignore line: [/usr/local/bin/cmake -E cmake_progress_report /Users/martinyiangao/Documents/my549/square/CMakeFiles/CMakeTmp/CMakeFiles 1]
  ignore line: [Building CXX object CMakeFiles/cmTryCompileExec4079146076.dir/CMakeCXXCompilerABI.cpp.o]
  ignore line: [/usr/bin/c++     -o CMakeFiles/cmTryCompileExec4079146076.dir/CMakeCXXCompilerABI.cpp.o -c /usr/local/share/cmake-2.8/Modules/CMakeCXXCompilerABI.cpp]
  ignore line: [Linking CXX executable cmTryCompileExec4079146076]
  ignore line: [/usr/local/bin/cmake -E cmake_link_script CMakeFiles/cmTryCompileExec4079146076.dir/link.txt --verbose=1]
  ignore line: [/usr/bin/c++       -Wl,-search_paths_first -Wl,-headerpad_max_install_names -v CMakeFiles/cmTryCompileExec4079146076.dir/CMakeCXXCompilerABI.cpp.o  -o cmTryCompileExec4079146076   ]
  ignore line: [Apple clang version 4.1 (tags/Apple/clang-421.11.66) (based on LLVM 3.1svn)]
  ignore line: [Target: x86_64-apple-darwin12.2.1]
  ignore line: [Thread model: posix]
  link line: [ "/usr/bin/ld" -demangle -dynamic -arch x86_64 -macosx_version_min 10.8.0 -o cmTryCompileExec4079146076 -search_paths_first -headerpad_max_install_names CMakeFiles/cmTryCompileExec4079146076.dir/CMakeCXXCompilerABI.cpp.o -lstdc++ -lSystem /usr/bin/../lib/clang/4.1/lib/darwin/libclang_rt.osx.a]
    arg [/usr/bin/ld] ==> ignore
    arg [-demangle] ==> ignore
    arg [-dynamic] ==> ignore
    arg [-arch] ==> ignore
    arg [x86_64] ==> ignore
    arg [-macosx_version_min] ==> ignore
    arg [10.8.0] ==> ignore
    arg [-o] ==> ignore
    arg [cmTryCompileExec4079146076] ==> ignore
    arg [-search_paths_first] ==> ignore
    arg [-headerpad_max_install_names] ==> ignore
    arg [CMakeFiles/cmTryCompileExec4079146076.dir/CMakeCXXCompilerABI.cpp.o] ==> ignore
    arg [-lstdc++] ==> lib [stdc++]
    arg [-lSystem] ==> lib [System]
    arg [/usr/bin/../lib/clang/4.1/lib/darwin/libclang_rt.osx.a] ==> lib [/usr/bin/../lib/clang/4.1/lib/darwin/libclang_rt.osx.a]
  remove lib [System]
  implicit libs: [stdc++;/usr/bin/../lib/clang/4.1/lib/darwin/libclang_rt.osx.a]
  implicit dirs: []


