Build started 4/4/2013 11:39:16 PM.
     1>Project "C:\Users\549\Documents\GitHub\549\Experimental\RoughInitialization\RoughInitialization\RoughInitialization.vcxproj" on node 2 (build target(s)).
     1>InitializeBuildStatus:
         Creating "Debug\RoughInitialization.unsuccessfulbuild" because "AlwaysCreate" was specified.
       ClCompile:
         C:\Program Files (x86)\Microsoft Visual Studio 10.0\VC\bin\CL.exe /c /IC:\Users\549\Documents\opencv\build\include /I"C:\Users\549\Documents\GitHub\549\glew-1.9.0\include\GL\\" /ZI /nologo /W3 /WX- /Od /Oy- /D WIN32 /D _DEBUG /D _WINDOWS /D _UNICODE /D UNICODE /Gm /EHsc /RTC1 /MDd /GS /fp:precise /Zc:wchar_t /Zc:forScope /Fo"Debug\\" /Fd"Debug\vc100.pdb" /Gd /TP /analyze- /errorReport:prompt ControlBoard.cpp
         ControlBoard.cpp
     1>c:\users\549\documents\github\549\experimental\roughinitialization\roughinitialization\controlboard.cpp(206): warning C4244: '=' : conversion from 'int' to 'float', possible loss of data
     1>c:\users\549\documents\github\549\experimental\roughinitialization\roughinitialization\controlboard.cpp(225): warning C4018: '<' : signed/unsigned mismatch
     1>c:\users\549\documents\github\549\experimental\roughinitialization\roughinitialization\controlboard.cpp(233): warning C4018: '<' : signed/unsigned mismatch
     1>c:\users\549\documents\github\549\experimental\roughinitialization\roughinitialization\controlboard.cpp(235): warning C4244: 'initializing' : conversion from 'double' to 'float', possible loss of data
     1>c:\users\549\documents\github\549\experimental\roughinitialization\roughinitialization\controlboard.cpp(235): warning C4244: 'initializing' : conversion from 'double' to 'float', possible loss of data
     1>c:\users\549\documents\github\549\experimental\roughinitialization\roughinitialization\controlboard.cpp(235): warning C4244: 'initializing' : conversion from 'double' to 'float', possible loss of data
     1>c:\users\549\documents\github\549\experimental\roughinitialization\roughinitialization\controlboard.cpp(235): warning C4244: 'initializing' : conversion from 'double' to 'float', possible loss of data
     1>c:\users\549\documents\github\549\experimental\roughinitialization\roughinitialization\controlboard.cpp(237): warning C4244: 'initializing' : conversion from 'double' to 'float', possible loss of data
     1>c:\users\549\documents\github\549\experimental\roughinitialization\roughinitialization\controlboard.cpp(239): warning C4244: 'initializing' : conversion from 'double' to 'float', possible loss of data
     1>c:\users\549\documents\github\549\experimental\roughinitialization\roughinitialization\controlboard.cpp(239): warning C4244: 'initializing' : conversion from 'double' to 'float', possible loss of data
     1>c:\users\549\documents\github\549\experimental\roughinitialization\roughinitialization\controlboard.cpp(300): warning C4018: '<' : signed/unsigned mismatch
     1>c:\users\549\documents\github\549\experimental\roughinitialization\roughinitialization\controlboard.cpp(317): warning C4018: '<' : signed/unsigned mismatch
     1>c:\users\549\documents\github\549\experimental\roughinitialization\roughinitialization\controlboard.cpp(329): warning C4018: '<' : signed/unsigned mismatch
     1>c:\users\549\documents\github\549\experimental\roughinitialization\roughinitialization\controlboard.cpp(390): warning C4018: '<' : signed/unsigned mismatch
     1>c:\users\549\documents\github\549\experimental\roughinitialization\roughinitialization\controlboard.cpp(422): warning C4018: '<' : signed/unsigned mismatch
     1>c:\users\549\documents\github\549\experimental\roughinitialization\roughinitialization\controlboard.cpp(442): warning C4244: '=' : conversion from 'double' to 'float', possible loss of data
     1>c:\users\549\documents\github\549\experimental\roughinitialization\roughinitialization\controlboard.cpp(443): warning C4244: '=' : conversion from 'double' to 'float', possible loss of data
     1>c:\users\549\documents\github\549\experimental\roughinitialization\roughinitialization\controlboard.cpp(444): warning C4244: '=' : conversion from 'double' to 'float', possible loss of data
     1>c:\users\549\documents\github\549\experimental\roughinitialization\roughinitialization\controlboard.cpp(445): warning C4244: '=' : conversion from 'double' to 'float', possible loss of data
     1>c:\users\549\documents\github\549\experimental\roughinitialization\roughinitialization\controlboard.cpp(446): warning C4244: '=' : conversion from 'double' to 'float', possible loss of data
     1>c:\users\549\documents\github\549\experimental\roughinitialization\roughinitialization\controlboard.cpp(447): warning C4244: '=' : conversion from 'double' to 'float', possible loss of data
     1>c:\users\549\documents\github\549\experimental\roughinitialization\roughinitialization\controlboard.cpp(448): warning C4244: '=' : conversion from 'double' to 'float', possible loss of data
     1>c:\users\549\documents\github\549\experimental\roughinitialization\roughinitialization\controlboard.cpp(449): warning C4244: '=' : conversion from 'double' to 'float', possible loss of data
     1>c:\users\549\documents\github\549\experimental\roughinitialization\roughinitialization\controlboard.cpp(450): warning C4244: '=' : conversion from 'double' to 'float', possible loss of data
     1>c:\users\549\documents\github\549\experimental\roughinitialization\roughinitialization\controlboard.cpp(452): warning C4244: '=' : conversion from 'double' to 'float', possible loss of data
     1>c:\users\549\documents\github\549\experimental\roughinitialization\roughinitialization\controlboard.cpp(453): warning C4244: '=' : conversion from 'double' to 'float', possible loss of data
     1>c:\users\549\documents\github\549\experimental\roughinitialization\roughinitialization\controlboard.cpp(454): warning C4244: '=' : conversion from 'double' to 'float', possible loss of data
     1>c:\users\549\documents\github\549\experimental\roughinitialization\roughinitialization\controlboard.cpp(462): warning C4244: '=' : conversion from 'double' to 'float', possible loss of data
     1>c:\users\549\documents\github\549\experimental\roughinitialization\roughinitialization\controlboard.cpp(558): warning C4244: '=' : conversion from 'double' to 'float', possible loss of data
     1>c:\users\549\documents\github\549\experimental\roughinitialization\roughinitialization\controlboard.cpp(559): warning C4244: '=' : conversion from 'double' to 'float', possible loss of data
     1>c:\users\549\documents\github\549\experimental\roughinitialization\roughinitialization\controlboard.cpp(560): warning C4244: '=' : conversion from 'double' to 'float', possible loss of data
     1>c:\users\549\documents\github\549\experimental\roughinitialization\roughinitialization\controlboard.cpp(561): warning C4244: '=' : conversion from 'double' to 'float', possible loss of data
     1>c:\users\549\documents\github\549\experimental\roughinitialization\roughinitialization\controlboard.cpp(562): warning C4244: '=' : conversion from 'double' to 'float', possible loss of data
     1>c:\users\549\documents\github\549\experimental\roughinitialization\roughinitialization\controlboard.cpp(563): warning C4244: '=' : conversion from 'double' to 'float', possible loss of data
     1>c:\users\549\documents\github\549\experimental\roughinitialization\roughinitialization\controlboard.cpp(564): warning C4244: '=' : conversion from 'double' to 'float', possible loss of data
     1>c:\users\549\documents\github\549\experimental\roughinitialization\roughinitialization\controlboard.cpp(565): warning C4244: '=' : conversion from 'double' to 'float', possible loss of data
     1>c:\users\549\documents\github\549\experimental\roughinitialization\roughinitialization\controlboard.cpp(566): warning C4244: '=' : conversion from 'double' to 'float', possible loss of data
     1>c:\users\549\documents\github\549\experimental\roughinitialization\roughinitialization\controlboard.cpp(573): warning C4244: '=' : conversion from 'double' to 'float', possible loss of data
     1>c:\users\549\documents\github\549\experimental\roughinitialization\roughinitialization\controlboard.cpp(574): warning C4244: '=' : conversion from 'double' to 'float', possible loss of data
     1>c:\users\549\documents\github\549\experimental\roughinitialization\roughinitialization\controlboard.cpp(575): warning C4244: '=' : conversion from 'double' to 'float', possible loss of data
     1>c:\users\549\documents\github\549\experimental\roughinitialization\roughinitialization\controlboard.cpp(580): warning C4244: '=' : conversion from 'double' to 'float', possible loss of data
     1>c:\users\549\documents\github\549\experimental\roughinitialization\roughinitialization\controlboard.cpp(581): warning C4244: '=' : conversion from 'double' to 'float', possible loss of data
     1>c:\users\549\documents\github\549\experimental\roughinitialization\roughinitialization\controlboard.cpp(582): warning C4244: '=' : conversion from 'double' to 'float', possible loss of data
     1>c:\users\549\documents\github\549\experimental\roughinitialization\roughinitialization\controlboard.cpp(587): warning C4244: '=' : conversion from 'double' to 'float', possible loss of data
     1>c:\users\549\documents\github\549\experimental\roughinitialization\roughinitialization\controlboard.cpp(588): warning C4244: '=' : conversion from 'double' to 'float', possible loss of data
     1>c:\users\549\documents\github\549\experimental\roughinitialization\roughinitialization\controlboard.cpp(589): warning C4244: '=' : conversion from 'double' to 'float', possible loss of data
     1>c:\users\549\documents\github\549\experimental\roughinitialization\roughinitialization\controlboard.cpp(594): warning C4244: '=' : conversion from 'double' to 'float', possible loss of data
     1>c:\users\549\documents\github\549\experimental\roughinitialization\roughinitialization\controlboard.cpp(595): warning C4244: '=' : conversion from 'double' to 'float', possible loss of data
     1>c:\users\549\documents\github\549\experimental\roughinitialization\roughinitialization\controlboard.cpp(596): warning C4244: '=' : conversion from 'double' to 'float', possible loss of data
     1>c:\users\549\documents\github\549\experimental\roughinitialization\roughinitialization\controlboard.cpp(601): warning C4244: '=' : conversion from 'double' to 'float', possible loss of data
     1>c:\users\549\documents\github\549\experimental\roughinitialization\roughinitialization\controlboard.cpp(602): warning C4244: '=' : conversion from 'double' to 'float', possible loss of data
     1>c:\users\549\documents\github\549\experimental\roughinitialization\roughinitialization\controlboard.cpp(603): warning C4244: '=' : conversion from 'double' to 'float', possible loss of data
     1>c:\users\549\documents\github\549\experimental\roughinitialization\roughinitialization\controlboard.cpp(608): warning C4244: '=' : conversion from 'double' to 'float', possible loss of data
     1>c:\users\549\documents\github\549\experimental\roughinitialization\roughinitialization\controlboard.cpp(609): warning C4244: '=' : conversion from 'double' to 'float', possible loss of data
     1>c:\users\549\documents\github\549\experimental\roughinitialization\roughinitialization\controlboard.cpp(610): warning C4244: '=' : conversion from 'double' to 'float', possible loss of data
     1>c:\users\549\documents\github\549\experimental\roughinitialization\roughinitialization\controlboard.cpp(615): warning C4244: '=' : conversion from 'double' to 'float', possible loss of data
     1>c:\users\549\documents\github\549\experimental\roughinitialization\roughinitialization\controlboard.cpp(616): warning C4244: '=' : conversion from 'double' to 'float', possible loss of data
     1>c:\users\549\documents\github\549\experimental\roughinitialization\roughinitialization\controlboard.cpp(617): warning C4244: '=' : conversion from 'double' to 'float', possible loss of data
     1>c:\users\549\documents\github\549\experimental\roughinitialization\roughinitialization\controlboard.cpp(622): warning C4244: '=' : conversion from 'double' to 'float', possible loss of data
     1>c:\users\549\documents\github\549\experimental\roughinitialization\roughinitialization\controlboard.cpp(623): warning C4244: '=' : conversion from 'double' to 'float', possible loss of data
     1>c:\users\549\documents\github\549\experimental\roughinitialization\roughinitialization\controlboard.cpp(624): warning C4244: '=' : conversion from 'double' to 'float', possible loss of data
     1>c:\users\549\documents\github\549\experimental\roughinitialization\roughinitialization\controlboard.cpp(629): warning C4244: '=' : conversion from 'double' to 'float', possible loss of data
     1>c:\users\549\documents\github\549\experimental\roughinitialization\roughinitialization\controlboard.cpp(630): warning C4244: '=' : conversion from 'double' to 'float', possible loss of data
     1>c:\users\549\documents\github\549\experimental\roughinitialization\roughinitialization\controlboard.cpp(631): warning C4244: '=' : conversion from 'double' to 'float', possible loss of data
     1>c:\users\549\documents\github\549\experimental\roughinitialization\roughinitialization\controlboard.cpp(816): warning C4244: '=' : conversion from 'double' to 'float', possible loss of data
     1>c:\users\549\documents\github\549\experimental\roughinitialization\roughinitialization\controlboard.cpp(823): warning C4244: '=' : conversion from 'double' to 'float', possible loss of data
     1>c:\users\549\documents\github\549\experimental\roughinitialization\roughinitialization\controlboard.cpp(832): warning C4244: 'initializing' : conversion from 'double' to 'float', possible loss of data
     1>c:\users\549\documents\github\549\experimental\roughinitialization\roughinitialization\controlboard.cpp(836): warning C4244: '=' : conversion from 'double' to 'float', possible loss of data
     1>c:\users\549\documents\github\549\experimental\roughinitialization\roughinitialization\controlboard.cpp(837): warning C4244: 'initializing' : conversion from 'double' to 'float', possible loss of data
     1>c:\users\549\documents\github\549\experimental\roughinitialization\roughinitialization\controlboard.cpp(838): warning C4244: 'initializing' : conversion from 'double' to 'float', possible loss of data
     1>c:\users\549\documents\github\549\experimental\roughinitialization\roughinitialization\controlboard.cpp(839): warning C4244: 'initializing' : conversion from 'double' to 'float', possible loss of data
     1>c:\users\549\documents\github\549\experimental\roughinitialization\roughinitialization\controlboard.cpp(842): warning C4244: 'initializing' : conversion from 'double' to 'float', possible loss of data
     1>c:\users\549\documents\github\549\experimental\roughinitialization\roughinitialization\controlboard.cpp(843): warning C4244: 'initializing' : conversion from 'double' to 'float', possible loss of data
     1>c:\users\549\documents\github\549\experimental\roughinitialization\roughinitialization\controlboard.cpp(846): warning C4244: 'initializing' : conversion from 'double' to 'float', possible loss of data
     1>c:\users\549\documents\github\549\experimental\roughinitialization\roughinitialization\controlboard.cpp(855): warning C4244: '=' : conversion from 'double' to 'float', possible loss of data
     1>c:\users\549\documents\github\549\experimental\roughinitialization\roughinitialization\controlboard.cpp(687): warning C4101: 'x3y3' : unreferenced local variable
     1>c:\users\549\documents\github\549\experimental\roughinitialization\roughinitialization\controlboard.cpp(687): warning C4101: 'x2y1' : unreferenced local variable
     1>c:\users\549\documents\github\549\experimental\roughinitialization\roughinitialization\controlboard.cpp(776): warning C4101: 'c1Dist' : unreferenced local variable
     1>c:\users\549\documents\github\549\experimental\roughinitialization\roughinitialization\controlboard.cpp(687): warning C4101: 'x1y2' : unreferenced local variable
     1>c:\users\549\documents\github\549\experimental\roughinitialization\roughinitialization\controlboard.cpp(777): warning C4101: 'c2Dist' : unreferenced local variable
     1>c:\users\549\documents\github\549\experimental\roughinitialization\roughinitialization\controlboard.cpp(687): warning C4101: 'x2y2' : unreferenced local variable
     1>c:\users\549\documents\github\549\experimental\roughinitialization\roughinitialization\controlboard.cpp(687): warning C4101: 'x1y3' : unreferenced local variable
     1>c:\users\549\documents\github\549\experimental\roughinitialization\roughinitialization\controlboard.cpp(688): warning C4101: 'ans1' : unreferenced local variable
     1>c:\users\549\documents\github\549\experimental\roughinitialization\roughinitialization\controlboard.cpp(682): warning C4101: 'temp' : unreferenced local variable
     1>c:\users\549\documents\github\549\experimental\roughinitialization\roughinitialization\controlboard.cpp(687): warning C4101: 'x2y3' : unreferenced local variable
     1>c:\users\549\documents\github\549\experimental\roughinitialization\roughinitialization\controlboard.cpp(687): warning C4101: 'x3y1' : unreferenced local variable
     1>c:\users\549\documents\github\549\experimental\roughinitialization\roughinitialization\controlboard.cpp(688): warning C4101: 'ans2' : unreferenced local variable
     1>c:\users\549\documents\github\549\experimental\roughinitialization\roughinitialization\controlboard.cpp(687): warning C4101: 'x3y2' : unreferenced local variable
     1>c:\users\549\documents\github\549\experimental\roughinitialization\roughinitialization\controlboard.cpp(687): warning C4101: 'x1y1' : unreferenced local variable
     1>c:\users\549\documents\github\549\experimental\roughinitialization\roughinitialization\controlboard.cpp(688): warning C4101: 'ans3' : unreferenced local variable
     1>c:\users\549\documents\github\549\experimental\roughinitialization\roughinitialization\controlboard.cpp(984): warning C4244: 'initializing' : conversion from 'double' to 'float', possible loss of data
       ManifestResourceCompile:
         All outputs are up-to-date.
       Link:
         C:\Program Files (x86)\Microsoft Visual Studio 10.0\VC\bin\link.exe /ERRORREPORT:PROMPT /OUT:"C:\Users\549\Documents\GitHub\549\Experimental\RoughInitialization\Debug\RoughInitialization.exe" /INCREMENTAL /NOLOGO /LIBPATH:C:\Users\549\Documents\opencv\build\x86\vc10\lib opencv_core243d.lib opencv_imgproc243d.lib opencv_highgui243d.lib opencv_ml243d.lib opencv_video243d.lib opencv_features2d243d.lib opencv_calib3d243d.lib opencv_nonfree243d.lib SDL.lib SDLmain.lib opengl32.lib glu32.lib kernel32.lib user32.lib gdi32.lib winspool.lib comdlg32.lib advapi32.lib shell32.lib ole32.lib oleaut32.lib uuid.lib odbc32.lib odbccp32.lib /MANIFEST /ManifestFile:"Debug\RoughInitialization.exe.intermediate.manifest" /MANIFESTUAC:"level='asInvoker' uiAccess='false'" /DEBUG /PDB:"C:\Users\549\Documents\GitHub\549\Experimental\RoughInitialization\Debug\RoughInitialization.pdb" /SUBSYSTEM:WINDOWS /STACK:"10000","10000" /TLBID:1 /DYNAMICBASE /NXCOMPAT /IMPLIB:"C:\Users\549\Documents\GitHub\549\Experimental\RoughInitialization\Debug\RoughInitialization.lib" /MACHINE:X86 Debug\RoughInitialization.exe.embed.manifest.res
         Debug\Camera.obj
         Debug\ControlBoard.obj
         Debug\ImageManip.obj
         Debug\main.obj
         Debug\NetworkServices.obj
         Debug\Projector.obj
         Debug\Server.obj
         Debug\ServerNetwork.obj
       Manifest:
         C:\Program Files (x86)\Microsoft SDKs\Windows\v7.0A\bin\mt.exe /nologo /verbose /out:"Debug\RoughInitialization.exe.embed.manifest" /manifest Debug\RoughInitialization.exe.intermediate.manifest
         All outputs are up-to-date.
       LinkEmbedManifest:
         All outputs are up-to-date.
         RoughInitialization.vcxproj -> C:\Users\549\Documents\GitHub\549\Experimental\RoughInitialization\Debug\RoughInitialization.exe
       FinalizeBuildStatus:
         Deleting file "Debug\RoughInitialization.unsuccessfulbuild".
         Touching "Debug\RoughInitialization.lastbuildstate".
     1>Done Building Project "C:\Users\549\Documents\GitHub\549\Experimental\RoughInitialization\RoughInitialization\RoughInitialization.vcxproj" (build target(s)).

Build succeeded.

Time Elapsed 00:00:02.03
