C:\USERS\549\DOCUMENTS\GITHUB\549\EXPERIMENTAL\ROUGHINITIALIZATION\DEBUG\ROUGHINITIALIZATION.EXE
C:\USERS\549\DOCUMENTS\GITHUB\549\EXPERIMENTAL\ROUGHINITIALIZATION\DEBUG\ROUGHINITIALIZATION.ILK
C:\USERS\549\DOCUMENTS\GITHUB\549\EXPERIMENTAL\ROUGHINITIALIZATION\DEBUG\ROUGHINITIALIZATION.PDB
C:\USERS\549\DOCUMENTS\GITHUB\549\EXPERIMENTAL\ROUGHINITIALIZATION\ROUGHINITIALIZATION\DEBUG\CAMERA.OBJ
C:\Users\549\Documents\GitHub\549\Experimental\RoughInitialization\RoughInitialization\Debug\cl.command.1.tlog
C:\Users\549\Documents\GitHub\549\Experimental\RoughInitialization\RoughInitialization\Debug\CL.read.1.tlog
C:\Users\549\Documents\GitHub\549\Experimental\RoughInitialization\RoughInitialization\Debug\CL.write.1.tlog
C:\USERS\549\DOCUMENTS\GITHUB\549\EXPERIMENTAL\ROUGHINITIALIZATION\ROUGHINITIALIZATION\DEBUG\CONTROLBOARD.OBJ
C:\USERS\549\DOCUMENTS\GITHUB\549\EXPERIMENTAL\ROUGHINITIALIZATION\ROUGHINITIALIZATION\DEBUG\IMAGEMANIP.OBJ
C:\Users\549\Documents\GitHub\549\Experimental\RoughInitialization\RoughInitialization\Debug\link.11108.read.1.tlog
C:\Users\549\Documents\GitHub\549\Experimental\RoughInitialization\RoughInitialization\Debug\link.11108.write.1.tlog
C:\Users\549\Documents\GitHub\549\Experimental\RoughInitialization\RoughInitialization\Debug\link.11108-cvtres.read.1.tlog
C:\Users\549\Documents\GitHub\549\Experimental\RoughInitialization\RoughInitialization\Debug\link.11108-cvtres.write.1.tlog
C:\Users\549\Documents\GitHub\549\Experimental\RoughInitialization\RoughInitialization\Debug\link.11112.read.1.tlog
C:\Users\549\Documents\GitHub\549\Experimental\RoughInitialization\RoughInitialization\Debug\link.11112.write.1.tlog
C:\Users\549\Documents\GitHub\549\Experimental\RoughInitialization\RoughInitialization\Debug\link.11112-cvtres.read.1.tlog
C:\Users\549\Documents\GitHub\549\Experimental\RoughInitialization\RoughInitialization\Debug\link.11112-cvtres.write.1.tlog
C:\Users\549\Documents\GitHub\549\Experimental\RoughInitialization\RoughInitialization\Debug\link.11468.read.1.tlog
C:\Users\549\Documents\GitHub\549\Experimental\RoughInitialization\RoughInitialization\Debug\link.11468.write.1.tlog
C:\Users\549\Documents\GitHub\549\Experimental\RoughInitialization\RoughInitialization\Debug\link.11468-cvtres.read.1.tlog
C:\Users\549\Documents\GitHub\549\Experimental\RoughInitialization\RoughInitialization\Debug\link.11468-cvtres.write.1.tlog
C:\Users\549\Documents\GitHub\549\Experimental\RoughInitialization\RoughInitialization\Debug\link.12200.read.1.tlog
C:\Users\549\Documents\GitHub\549\Experimental\RoughInitialization\RoughInitialization\Debug\link.12200.write.1.tlog
C:\Users\549\Documents\GitHub\549\Experimental\RoughInitialization\RoughInitialization\Debug\link.12200-cvtres.read.1.tlog
C:\Users\549\Documents\GitHub\549\Experimental\RoughInitialization\RoughInitialization\Debug\link.12200-cvtres.write.1.tlog
C:\Users\549\Documents\GitHub\549\Experimental\RoughInitialization\RoughInitialization\Debug\link.1348.read.1.tlog
C:\Users\549\Documents\GitHub\549\Experimental\RoughInitialization\RoughInitialization\Debug\link.1348.write.1.tlog
C:\Users\549\Documents\GitHub\549\Experimental\RoughInitialization\RoughInitialization\Debug\link.1348-cvtres.read.1.tlog
C:\Users\549\Documents\GitHub\549\Experimental\RoughInitialization\RoughInitialization\Debug\link.1348-cvtres.write.1.tlog
C:\Users\549\Documents\GitHub\549\Experimental\RoughInitialization\RoughInitialization\Debug\link.1492.read.1.tlog
C:\Users\549\Documents\GitHub\549\Experimental\RoughInitialization\RoughInitialization\Debug\link.1492.write.1.tlog
C:\Users\549\Documents\GitHub\549\Experimental\RoughInitialization\RoughInitialization\Debug\link.1492-cvtres.read.1.tlog
C:\Users\549\Documents\GitHub\549\Experimental\RoughInitialization\RoughInitialization\Debug\link.1492-cvtres.write.1.tlog
C:\Users\549\Documents\GitHub\549\Experimental\RoughInitialization\RoughInitialization\Debug\link.1832.read.1.tlog
C:\Users\549\Documents\GitHub\549\Experimental\RoughInitialization\RoughInitialization\Debug\link.1832.write.1.tlog
C:\Users\549\Documents\GitHub\549\Experimental\RoughInitialization\RoughInitialization\Debug\link.1832-cvtres.read.1.tlog
C:\Users\549\Documents\GitHub\549\Experimental\RoughInitialization\RoughInitialization\Debug\link.1832-cvtres.write.1.tlog
C:\Users\549\Documents\GitHub\549\Experimental\RoughInitialization\RoughInitialization\Debug\link.1952.read.1.tlog
C:\Users\549\Documents\GitHub\549\Experimental\RoughInitialization\RoughInitialization\Debug\link.1952.write.1.tlog
C:\Users\549\Documents\GitHub\549\Experimental\RoughInitialization\RoughInitialization\Debug\link.1952-cvtres.read.1.tlog
C:\Users\549\Documents\GitHub\549\Experimental\RoughInitialization\RoughInitialization\Debug\link.1952-cvtres.write.1.tlog
C:\Users\549\Documents\GitHub\549\Experimental\RoughInitialization\RoughInitialization\Debug\link.2012.read.1.tlog
C:\Users\549\Documents\GitHub\549\Experimental\RoughInitialization\RoughInitialization\Debug\link.2012.write.1.tlog
C:\Users\549\Documents\GitHub\549\Experimental\RoughInitialization\RoughInitialization\Debug\link.2012-cvtres.read.1.tlog
C:\Users\549\Documents\GitHub\549\Experimental\RoughInitialization\RoughInitialization\Debug\link.2012-cvtres.write.1.tlog
C:\Users\549\Documents\GitHub\549\Experimental\RoughInitialization\RoughInitialization\Debug\link.2892.read.1.tlog
C:\Users\549\Documents\GitHub\549\Experimental\RoughInitialization\RoughInitialization\Debug\link.2892.write.1.tlog
C:\Users\549\Documents\GitHub\549\Experimental\RoughInitialization\RoughInitialization\Debug\link.2892-cvtres.read.1.tlog
C:\Users\549\Documents\GitHub\549\Experimental\RoughInitialization\RoughInitialization\Debug\link.2892-cvtres.write.1.tlog
C:\Users\549\Documents\GitHub\549\Experimental\RoughInitialization\RoughInitialization\Debug\link.3184.read.1.tlog
C:\Users\549\Documents\GitHub\549\Experimental\RoughInitialization\RoughInitialization\Debug\link.3184.write.1.tlog
C:\Users\549\Documents\GitHub\549\Experimental\RoughInitialization\RoughInitialization\Debug\link.3184-cvtres.read.1.tlog
C:\Users\549\Documents\GitHub\549\Experimental\RoughInitialization\RoughInitialization\Debug\link.3184-cvtres.write.1.tlog
C:\Users\549\Documents\GitHub\549\Experimental\RoughInitialization\RoughInitialization\Debug\link.3340.read.1.tlog
C:\Users\549\Documents\GitHub\549\Experimental\RoughInitialization\RoughInitialization\Debug\link.3340.write.1.tlog
C:\Users\549\Documents\GitHub\549\Experimental\RoughInitialization\RoughInitialization\Debug\link.3340-cvtres.read.1.tlog
C:\Users\549\Documents\GitHub\549\Experimental\RoughInitialization\RoughInitialization\Debug\link.3340-cvtres.write.1.tlog
C:\Users\549\Documents\GitHub\549\Experimental\RoughInitialization\RoughInitialization\Debug\link.3468.read.1.tlog
C:\Users\549\Documents\GitHub\549\Experimental\RoughInitialization\RoughInitialization\Debug\link.3468.write.1.tlog
C:\Users\549\Documents\GitHub\549\Experimental\RoughInitialization\RoughInitialization\Debug\link.3468-cvtres.read.1.tlog
C:\Users\549\Documents\GitHub\549\Experimental\RoughInitialization\RoughInitialization\Debug\link.3468-cvtres.write.1.tlog
C:\Users\549\Documents\GitHub\549\Experimental\RoughInitialization\RoughInitialization\Debug\link.3552.read.1.tlog
C:\Users\549\Documents\GitHub\549\Experimental\RoughInitialization\RoughInitialization\Debug\link.3552.write.1.tlog
C:\Users\549\Documents\GitHub\549\Experimental\RoughInitialization\RoughInitialization\Debug\link.3552-cvtres.read.1.tlog
C:\Users\549\Documents\GitHub\549\Experimental\RoughInitialization\RoughInitialization\Debug\link.3552-cvtres.write.1.tlog
C:\Users\549\Documents\GitHub\549\Experimental\RoughInitialization\RoughInitialization\Debug\link.3576.read.1.tlog
C:\Users\549\Documents\GitHub\549\Experimental\RoughInitialization\RoughInitialization\Debug\link.3576.write.1.tlog
C:\Users\549\Documents\GitHub\549\Experimental\RoughInitialization\RoughInitialization\Debug\link.3576-cvtres.read.1.tlog
C:\Users\549\Documents\GitHub\549\Experimental\RoughInitialization\RoughInitialization\Debug\link.3576-cvtres.write.1.tlog
C:\Users\549\Documents\GitHub\549\Experimental\RoughInitialization\RoughInitialization\Debug\link.3580.read.1.tlog
C:\Users\549\Documents\GitHub\549\Experimental\RoughInitialization\RoughInitialization\Debug\link.3580.write.1.tlog
C:\Users\549\Documents\GitHub\549\Experimental\RoughInitialization\RoughInitialization\Debug\link.3580-cvtres.read.1.tlog
C:\Users\549\Documents\GitHub\549\Experimental\RoughInitialization\RoughInitialization\Debug\link.3580-cvtres.write.1.tlog
C:\Users\549\Documents\GitHub\549\Experimental\RoughInitialization\RoughInitialization\Debug\link.3688.read.1.tlog
C:\Users\549\Documents\GitHub\549\Experimental\RoughInitialization\RoughInitialization\Debug\link.3688.write.1.tlog
C:\Users\549\Documents\GitHub\549\Experimental\RoughInitialization\RoughInitialization\Debug\link.3688-cvtres.read.1.tlog
C:\Users\549\Documents\GitHub\549\Experimental\RoughInitialization\RoughInitialization\Debug\link.3688-cvtres.write.1.tlog
C:\Users\549\Documents\GitHub\549\Experimental\RoughInitialization\RoughInitialization\Debug\link.3788.read.1.tlog
C:\Users\549\Documents\GitHub\549\Experimental\RoughInitialization\RoughInitialization\Debug\link.3788.write.1.tlog
C:\Users\549\Documents\GitHub\549\Experimental\RoughInitialization\RoughInitialization\Debug\link.3788-cvtres.read.1.tlog
C:\Users\549\Documents\GitHub\549\Experimental\RoughInitialization\RoughInitialization\Debug\link.3788-cvtres.write.1.tlog
C:\Users\549\Documents\GitHub\549\Experimental\RoughInitialization\RoughInitialization\Debug\link.3968.read.1.tlog
C:\Users\549\Documents\GitHub\549\Experimental\RoughInitialization\RoughInitialization\Debug\link.3968.write.1.tlog
C:\Users\549\Documents\GitHub\549\Experimental\RoughInitialization\RoughInitialization\Debug\link.3968-cvtres.read.1.tlog
C:\Users\549\Documents\GitHub\549\Experimental\RoughInitialization\RoughInitialization\Debug\link.3968-cvtres.write.1.tlog
C:\Users\549\Documents\GitHub\549\Experimental\RoughInitialization\RoughInitialization\Debug\link.3972.read.1.tlog
C:\Users\549\Documents\GitHub\549\Experimental\RoughInitialization\RoughInitialization\Debug\link.3972.write.1.tlog
C:\Users\549\Documents\GitHub\549\Experimental\RoughInitialization\RoughInitialization\Debug\link.3972-cvtres.read.1.tlog
C:\Users\549\Documents\GitHub\549\Experimental\RoughInitialization\RoughInitialization\Debug\link.3972-cvtres.write.1.tlog
C:\Users\549\Documents\GitHub\549\Experimental\RoughInitialization\RoughInitialization\Debug\link.4272.read.1.tlog
C:\Users\549\Documents\GitHub\549\Experimental\RoughInitialization\RoughInitialization\Debug\link.4272.write.1.tlog
C:\Users\549\Documents\GitHub\549\Experimental\RoughInitialization\RoughInitialization\Debug\link.4272-cvtres.read.1.tlog
C:\Users\549\Documents\GitHub\549\Experimental\RoughInitialization\RoughInitialization\Debug\link.4272-cvtres.write.1.tlog
C:\Users\549\Documents\GitHub\549\Experimental\RoughInitialization\RoughInitialization\Debug\link.4284.read.1.tlog
C:\Users\549\Documents\GitHub\549\Experimental\RoughInitialization\RoughInitialization\Debug\link.4284.write.1.tlog
C:\Users\549\Documents\GitHub\549\Experimental\RoughInitialization\RoughInitialization\Debug\link.4284-cvtres.read.1.tlog
C:\Users\549\Documents\GitHub\549\Experimental\RoughInitialization\RoughInitialization\Debug\link.4284-cvtres.write.1.tlog
C:\Users\549\Documents\GitHub\549\Experimental\RoughInitialization\RoughInitialization\Debug\link.4452.read.1.tlog
C:\Users\549\Documents\GitHub\549\Experimental\RoughInitialization\RoughInitialization\Debug\link.4452.write.1.tlog
C:\Users\549\Documents\GitHub\549\Experimental\RoughInitialization\RoughInitialization\Debug\link.4452-cvtres.read.1.tlog
C:\Users\549\Documents\GitHub\549\Experimental\RoughInitialization\RoughInitialization\Debug\link.4452-cvtres.write.1.tlog
C:\Users\549\Documents\GitHub\549\Experimental\RoughInitialization\RoughInitialization\Debug\link.4992.read.1.tlog
C:\Users\549\Documents\GitHub\549\Experimental\RoughInitialization\RoughInitialization\Debug\link.4992.write.1.tlog
C:\Users\549\Documents\GitHub\549\Experimental\RoughInitialization\RoughInitialization\Debug\link.4992-cvtres.read.1.tlog
C:\Users\549\Documents\GitHub\549\Experimental\RoughInitialization\RoughInitialization\Debug\link.4992-cvtres.write.1.tlog
C:\Users\549\Documents\GitHub\549\Experimental\RoughInitialization\RoughInitialization\Debug\link.5004.read.1.tlog
C:\Users\549\Documents\GitHub\549\Experimental\RoughInitialization\RoughInitialization\Debug\link.5004.write.1.tlog
C:\Users\549\Documents\GitHub\549\Experimental\RoughInitialization\RoughInitialization\Debug\link.5004-cvtres.read.1.tlog
C:\Users\549\Documents\GitHub\549\Experimental\RoughInitialization\RoughInitialization\Debug\link.5004-cvtres.write.1.tlog
C:\Users\549\Documents\GitHub\549\Experimental\RoughInitialization\RoughInitialization\Debug\link.5032.read.1.tlog
C:\Users\549\Documents\GitHub\549\Experimental\RoughInitialization\RoughInitialization\Debug\link.5032.write.1.tlog
C:\Users\549\Documents\GitHub\549\Experimental\RoughInitialization\RoughInitialization\Debug\link.5032-cvtres.read.1.tlog
C:\Users\549\Documents\GitHub\549\Experimental\RoughInitialization\RoughInitialization\Debug\link.5032-cvtres.write.1.tlog
C:\Users\549\Documents\GitHub\549\Experimental\RoughInitialization\RoughInitialization\Debug\link.5100.read.1.tlog
C:\Users\549\Documents\GitHub\549\Experimental\RoughInitialization\RoughInitialization\Debug\link.5100.write.1.tlog
C:\Users\549\Documents\GitHub\549\Experimental\RoughInitialization\RoughInitialization\Debug\link.5100-cvtres.read.1.tlog
C:\Users\549\Documents\GitHub\549\Experimental\RoughInitialization\RoughInitialization\Debug\link.5100-cvtres.write.1.tlog
C:\Users\549\Documents\GitHub\549\Experimental\RoughInitialization\RoughInitialization\Debug\link.5204.read.1.tlog
C:\Users\549\Documents\GitHub\549\Experimental\RoughInitialization\RoughInitialization\Debug\link.5204.write.1.tlog
C:\Users\549\Documents\GitHub\549\Experimental\RoughInitialization\RoughInitialization\Debug\link.5204-cvtres.read.1.tlog
C:\Users\549\Documents\GitHub\549\Experimental\RoughInitialization\RoughInitialization\Debug\link.5204-cvtres.write.1.tlog
C:\Users\549\Documents\GitHub\549\Experimental\RoughInitialization\RoughInitialization\Debug\link.5428.read.1.tlog
C:\Users\549\Documents\GitHub\549\Experimental\RoughInitialization\RoughInitialization\Debug\link.5428.write.1.tlog
C:\Users\549\Documents\GitHub\549\Experimental\RoughInitialization\RoughInitialization\Debug\link.5428-cvtres.read.1.tlog
C:\Users\549\Documents\GitHub\549\Experimental\RoughInitialization\RoughInitialization\Debug\link.5428-cvtres.write.1.tlog
C:\Users\549\Documents\GitHub\549\Experimental\RoughInitialization\RoughInitialization\Debug\link.5596.read.1.tlog
C:\Users\549\Documents\GitHub\549\Experimental\RoughInitialization\RoughInitialization\Debug\link.5596.write.1.tlog
C:\Users\549\Documents\GitHub\549\Experimental\RoughInitialization\RoughInitialization\Debug\link.5596-cvtres.read.1.tlog
C:\Users\549\Documents\GitHub\549\Experimental\RoughInitialization\RoughInitialization\Debug\link.5596-cvtres.write.1.tlog
C:\Users\549\Documents\GitHub\549\Experimental\RoughInitialization\RoughInitialization\Debug\link.5928.read.1.tlog
C:\Users\549\Documents\GitHub\549\Experimental\RoughInitialization\RoughInitialization\Debug\link.5928.write.1.tlog
C:\Users\549\Documents\GitHub\549\Experimental\RoughInitialization\RoughInitialization\Debug\link.5928-cvtres.read.1.tlog
C:\Users\549\Documents\GitHub\549\Experimental\RoughInitialization\RoughInitialization\Debug\link.5928-cvtres.write.1.tlog
C:\Users\549\Documents\GitHub\549\Experimental\RoughInitialization\RoughInitialization\Debug\link.5948.read.1.tlog
C:\Users\549\Documents\GitHub\549\Experimental\RoughInitialization\RoughInitialization\Debug\link.5948.write.1.tlog
C:\Users\549\Documents\GitHub\549\Experimental\RoughInitialization\RoughInitialization\Debug\link.5948-cvtres.read.1.tlog
C:\Users\549\Documents\GitHub\549\Experimental\RoughInitialization\RoughInitialization\Debug\link.5948-cvtres.write.1.tlog
C:\Users\549\Documents\GitHub\549\Experimental\RoughInitialization\RoughInitialization\Debug\link.5964.read.1.tlog
C:\Users\549\Documents\GitHub\549\Experimental\RoughInitialization\RoughInitialization\Debug\link.5964.write.1.tlog
C:\Users\549\Documents\GitHub\549\Experimental\RoughInitialization\RoughInitialization\Debug\link.5964-cvtres.read.1.tlog
C:\Users\549\Documents\GitHub\549\Experimental\RoughInitialization\RoughInitialization\Debug\link.5964-cvtres.write.1.tlog
C:\Users\549\Documents\GitHub\549\Experimental\RoughInitialization\RoughInitialization\Debug\link.6048.read.1.tlog
C:\Users\549\Documents\GitHub\549\Experimental\RoughInitialization\RoughInitialization\Debug\link.6048.write.1.tlog
C:\Users\549\Documents\GitHub\549\Experimental\RoughInitialization\RoughInitialization\Debug\link.6048-cvtres.read.1.tlog
C:\Users\549\Documents\GitHub\549\Experimental\RoughInitialization\RoughInitialization\Debug\link.6048-cvtres.write.1.tlog
C:\Users\549\Documents\GitHub\549\Experimental\RoughInitialization\RoughInitialization\Debug\link.6052.read.1.tlog
C:\Users\549\Documents\GitHub\549\Experimental\RoughInitialization\RoughInitialization\Debug\link.6052.write.1.tlog
C:\Users\549\Documents\GitHub\549\Experimental\RoughInitialization\RoughInitialization\Debug\link.6052-cvtres.read.1.tlog
C:\Users\549\Documents\GitHub\549\Experimental\RoughInitialization\RoughInitialization\Debug\link.6052-cvtres.write.1.tlog
C:\Users\549\Documents\GitHub\549\Experimental\RoughInitialization\RoughInitialization\Debug\link.6076.read.1.tlog
C:\Users\549\Documents\GitHub\549\Experimental\RoughInitialization\RoughInitialization\Debug\link.6076.write.1.tlog
C:\Users\549\Documents\GitHub\549\Experimental\RoughInitialization\RoughInitialization\Debug\link.6076-cvtres.read.1.tlog
C:\Users\549\Documents\GitHub\549\Experimental\RoughInitialization\RoughInitialization\Debug\link.6076-cvtres.write.1.tlog
C:\Users\549\Documents\GitHub\549\Experimental\RoughInitialization\RoughInitialization\Debug\link.6084.read.1.tlog
C:\Users\549\Documents\GitHub\549\Experimental\RoughInitialization\RoughInitialization\Debug\link.6084.write.1.tlog
C:\Users\549\Documents\GitHub\549\Experimental\RoughInitialization\RoughInitialization\Debug\link.6084-cvtres.read.1.tlog
C:\Users\549\Documents\GitHub\549\Experimental\RoughInitialization\RoughInitialization\Debug\link.6084-cvtres.write.1.tlog
C:\Users\549\Documents\GitHub\549\Experimental\RoughInitialization\RoughInitialization\Debug\link.6092.read.1.tlog
C:\Users\549\Documents\GitHub\549\Experimental\RoughInitialization\RoughInitialization\Debug\link.6092.write.1.tlog
C:\Users\549\Documents\GitHub\549\Experimental\RoughInitialization\RoughInitialization\Debug\link.6092-cvtres.read.1.tlog
C:\Users\549\Documents\GitHub\549\Experimental\RoughInitialization\RoughInitialization\Debug\link.6092-cvtres.write.1.tlog
C:\Users\549\Documents\GitHub\549\Experimental\RoughInitialization\RoughInitialization\Debug\link.6196.read.1.tlog
C:\Users\549\Documents\GitHub\549\Experimental\RoughInitialization\RoughInitialization\Debug\link.6196.write.1.tlog
C:\Users\549\Documents\GitHub\549\Experimental\RoughInitialization\RoughInitialization\Debug\link.6196-cvtres.read.1.tlog
C:\Users\549\Documents\GitHub\549\Experimental\RoughInitialization\RoughInitialization\Debug\link.6196-cvtres.write.1.tlog
C:\Users\549\Documents\GitHub\549\Experimental\RoughInitialization\RoughInitialization\Debug\link.6224.read.1.tlog
C:\Users\549\Documents\GitHub\549\Experimental\RoughInitialization\RoughInitialization\Debug\link.6224.write.1.tlog
C:\Users\549\Documents\GitHub\549\Experimental\RoughInitialization\RoughInitialization\Debug\link.6224-cvtres.read.1.tlog
C:\Users\549\Documents\GitHub\549\Experimental\RoughInitialization\RoughInitialization\Debug\link.6224-cvtres.write.1.tlog
C:\Users\549\Documents\GitHub\549\Experimental\RoughInitialization\RoughInitialization\Debug\link.6256.read.1.tlog
C:\Users\549\Documents\GitHub\549\Experimental\RoughInitialization\RoughInitialization\Debug\link.6256.write.1.tlog
C:\Users\549\Documents\GitHub\549\Experimental\RoughInitialization\RoughInitialization\Debug\link.6256-cvtres.read.1.tlog
C:\Users\549\Documents\GitHub\549\Experimental\RoughInitialization\RoughInitialization\Debug\link.6256-cvtres.write.1.tlog
C:\Users\549\Documents\GitHub\549\Experimental\RoughInitialization\RoughInitialization\Debug\link.6292.read.1.tlog
C:\Users\549\Documents\GitHub\549\Experimental\RoughInitialization\RoughInitialization\Debug\link.6292.write.1.tlog
C:\Users\549\Documents\GitHub\549\Experimental\RoughInitialization\RoughInitialization\Debug\link.6292-cvtres.read.1.tlog
C:\Users\549\Documents\GitHub\549\Experimental\RoughInitialization\RoughInitialization\Debug\link.6292-cvtres.write.1.tlog
C:\Users\549\Documents\GitHub\549\Experimental\RoughInitialization\RoughInitialization\Debug\link.6368.read.1.tlog
C:\Users\549\Documents\GitHub\549\Experimental\RoughInitialization\RoughInitialization\Debug\link.6368.write.1.tlog
C:\Users\549\Documents\GitHub\549\Experimental\RoughInitialization\RoughInitialization\Debug\link.6368-cvtres.read.1.tlog
C:\Users\549\Documents\GitHub\549\Experimental\RoughInitialization\RoughInitialization\Debug\link.6368-cvtres.write.1.tlog
C:\Users\549\Documents\GitHub\549\Experimental\RoughInitialization\RoughInitialization\Debug\link.6376.read.1.tlog
C:\Users\549\Documents\GitHub\549\Experimental\RoughInitialization\RoughInitialization\Debug\link.6376.write.1.tlog
C:\Users\549\Documents\GitHub\549\Experimental\RoughInitialization\RoughInitialization\Debug\link.6376-cvtres.read.1.tlog
C:\Users\549\Documents\GitHub\549\Experimental\RoughInitialization\RoughInitialization\Debug\link.6376-cvtres.write.1.tlog
C:\Users\549\Documents\GitHub\549\Experimental\RoughInitialization\RoughInitialization\Debug\link.6436.read.1.tlog
C:\Users\549\Documents\GitHub\549\Experimental\RoughInitialization\RoughInitialization\Debug\link.6436.write.1.tlog
C:\Users\549\Documents\GitHub\549\Experimental\RoughInitialization\RoughInitialization\Debug\link.6436-cvtres.read.1.tlog
C:\Users\549\Documents\GitHub\549\Experimental\RoughInitialization\RoughInitialization\Debug\link.6436-cvtres.write.1.tlog
C:\Users\549\Documents\GitHub\549\Experimental\RoughInitialization\RoughInitialization\Debug\link.6452.read.1.tlog
C:\Users\549\Documents\GitHub\549\Experimental\RoughInitialization\RoughInitialization\Debug\link.6452.write.1.tlog
C:\Users\549\Documents\GitHub\549\Experimental\RoughInitialization\RoughInitialization\Debug\link.6452-cvtres.read.1.tlog
C:\Users\549\Documents\GitHub\549\Experimental\RoughInitialization\RoughInitialization\Debug\link.6452-cvtres.write.1.tlog
C:\Users\549\Documents\GitHub\549\Experimental\RoughInitialization\RoughInitialization\Debug\link.6516.read.1.tlog
C:\Users\549\Documents\GitHub\549\Experimental\RoughInitialization\RoughInitialization\Debug\link.6516.write.1.tlog
C:\Users\549\Documents\GitHub\549\Experimental\RoughInitialization\RoughInitialization\Debug\link.6516-cvtres.read.1.tlog
C:\Users\549\Documents\GitHub\549\Experimental\RoughInitialization\RoughInitialization\Debug\link.6516-cvtres.write.1.tlog
C:\Users\549\Documents\GitHub\549\Experimental\RoughInitialization\RoughInitialization\Debug\link.6548.read.1.tlog
C:\Users\549\Documents\GitHub\549\Experimental\RoughInitialization\RoughInitialization\Debug\link.6548.write.1.tlog
C:\Users\549\Documents\GitHub\549\Experimental\RoughInitialization\RoughInitialization\Debug\link.6548-cvtres.read.1.tlog
C:\Users\549\Documents\GitHub\549\Experimental\RoughInitialization\RoughInitialization\Debug\link.6548-cvtres.write.1.tlog
C:\Users\549\Documents\GitHub\549\Experimental\RoughInitialization\RoughInitialization\Debug\link.6564.read.1.tlog
C:\Users\549\Documents\GitHub\549\Experimental\RoughInitialization\RoughInitialization\Debug\link.6564.write.1.tlog
C:\Users\549\Documents\GitHub\549\Experimental\RoughInitialization\RoughInitialization\Debug\link.6564-cvtres.read.1.tlog
C:\Users\549\Documents\GitHub\549\Experimental\RoughInitialization\RoughInitialization\Debug\link.6564-cvtres.write.1.tlog
C:\Users\549\Documents\GitHub\549\Experimental\RoughInitialization\RoughInitialization\Debug\link.6588.read.1.tlog
C:\Users\549\Documents\GitHub\549\Experimental\RoughInitialization\RoughInitialization\Debug\link.6588.write.1.tlog
C:\Users\549\Documents\GitHub\549\Experimental\RoughInitialization\RoughInitialization\Debug\link.6588-cvtres.read.1.tlog
C:\Users\549\Documents\GitHub\549\Experimental\RoughInitialization\RoughInitialization\Debug\link.6588-cvtres.write.1.tlog
C:\Users\549\Documents\GitHub\549\Experimental\RoughInitialization\RoughInitialization\Debug\link.6672.read.1.tlog
C:\Users\549\Documents\GitHub\549\Experimental\RoughInitialization\RoughInitialization\Debug\link.6672.write.1.tlog
C:\Users\549\Documents\GitHub\549\Experimental\RoughInitialization\RoughInitialization\Debug\link.6672-cvtres.read.1.tlog
C:\Users\549\Documents\GitHub\549\Experimental\RoughInitialization\RoughInitialization\Debug\link.6672-cvtres.write.1.tlog
C:\Users\549\Documents\GitHub\549\Experimental\RoughInitialization\RoughInitialization\Debug\link.6736.read.1.tlog
C:\Users\549\Documents\GitHub\549\Experimental\RoughInitialization\RoughInitialization\Debug\link.6736.write.1.tlog
C:\Users\549\Documents\GitHub\549\Experimental\RoughInitialization\RoughInitialization\Debug\link.6736-cvtres.read.1.tlog
C:\Users\549\Documents\GitHub\549\Experimental\RoughInitialization\RoughInitialization\Debug\link.6736-cvtres.write.1.tlog
C:\Users\549\Documents\GitHub\549\Experimental\RoughInitialization\RoughInitialization\Debug\link.6752.read.1.tlog
C:\Users\549\Documents\GitHub\549\Experimental\RoughInitialization\RoughInitialization\Debug\link.6752.write.1.tlog
C:\Users\549\Documents\GitHub\549\Experimental\RoughInitialization\RoughInitialization\Debug\link.6752-cvtres.read.1.tlog
C:\Users\549\Documents\GitHub\549\Experimental\RoughInitialization\RoughInitialization\Debug\link.6752-cvtres.write.1.tlog
C:\Users\549\Documents\GitHub\549\Experimental\RoughInitialization\RoughInitialization\Debug\link.6792.read.1.tlog
C:\Users\549\Documents\GitHub\549\Experimental\RoughInitialization\RoughInitialization\Debug\link.6792.write.1.tlog
C:\Users\549\Documents\GitHub\549\Experimental\RoughInitialization\RoughInitialization\Debug\link.6792-cvtres.read.1.tlog
C:\Users\549\Documents\GitHub\549\Experimental\RoughInitialization\RoughInitialization\Debug\link.6792-cvtres.write.1.tlog
C:\Users\549\Documents\GitHub\549\Experimental\RoughInitialization\RoughInitialization\Debug\link.6900.read.1.tlog
C:\Users\549\Documents\GitHub\549\Experimental\RoughInitialization\RoughInitialization\Debug\link.6900.write.1.tlog
C:\Users\549\Documents\GitHub\549\Experimental\RoughInitialization\RoughInitialization\Debug\link.6900-cvtres.read.1.tlog
C:\Users\549\Documents\GitHub\549\Experimental\RoughInitialization\RoughInitialization\Debug\link.6900-cvtres.write.1.tlog
C:\Users\549\Documents\GitHub\549\Experimental\RoughInitialization\RoughInitialization\Debug\link.6976.read.1.tlog
C:\Users\549\Documents\GitHub\549\Experimental\RoughInitialization\RoughInitialization\Debug\link.6976.write.1.tlog
C:\Users\549\Documents\GitHub\549\Experimental\RoughInitialization\RoughInitialization\Debug\link.6976-cvtres.read.1.tlog
C:\Users\549\Documents\GitHub\549\Experimental\RoughInitialization\RoughInitialization\Debug\link.6976-cvtres.write.1.tlog
C:\Users\549\Documents\GitHub\549\Experimental\RoughInitialization\RoughInitialization\Debug\link.7020.read.1.tlog
C:\Users\549\Documents\GitHub\549\Experimental\RoughInitialization\RoughInitialization\Debug\link.7020.write.1.tlog
C:\Users\549\Documents\GitHub\549\Experimental\RoughInitialization\RoughInitialization\Debug\link.7020-cvtres.read.1.tlog
C:\Users\549\Documents\GitHub\549\Experimental\RoughInitialization\RoughInitialization\Debug\link.7020-cvtres.write.1.tlog
C:\Users\549\Documents\GitHub\549\Experimental\RoughInitialization\RoughInitialization\Debug\link.7120.read.1.tlog
C:\Users\549\Documents\GitHub\549\Experimental\RoughInitialization\RoughInitialization\Debug\link.7120.write.1.tlog
C:\Users\549\Documents\GitHub\549\Experimental\RoughInitialization\RoughInitialization\Debug\link.7120-cvtres.read.1.tlog
C:\Users\549\Documents\GitHub\549\Experimental\RoughInitialization\RoughInitialization\Debug\link.7120-cvtres.write.1.tlog
C:\Users\549\Documents\GitHub\549\Experimental\RoughInitialization\RoughInitialization\Debug\link.7136.read.1.tlog
C:\Users\549\Documents\GitHub\549\Experimental\RoughInitialization\RoughInitialization\Debug\link.7136.write.1.tlog
C:\Users\549\Documents\GitHub\549\Experimental\RoughInitialization\RoughInitialization\Debug\link.7136-cvtres.read.1.tlog
C:\Users\549\Documents\GitHub\549\Experimental\RoughInitialization\RoughInitialization\Debug\link.7136-cvtres.write.1.tlog
C:\Users\549\Documents\GitHub\549\Experimental\RoughInitialization\RoughInitialization\Debug\link.7348.read.1.tlog
C:\Users\549\Documents\GitHub\549\Experimental\RoughInitialization\RoughInitialization\Debug\link.7348.write.1.tlog
C:\Users\549\Documents\GitHub\549\Experimental\RoughInitialization\RoughInitialization\Debug\link.7348-cvtres.read.1.tlog
C:\Users\549\Documents\GitHub\549\Experimental\RoughInitialization\RoughInitialization\Debug\link.7348-cvtres.write.1.tlog
C:\Users\549\Documents\GitHub\549\Experimental\RoughInitialization\RoughInitialization\Debug\link.7700.read.1.tlog
C:\Users\549\Documents\GitHub\549\Experimental\RoughInitialization\RoughInitialization\Debug\link.7700.write.1.tlog
C:\Users\549\Documents\GitHub\549\Experimental\RoughInitialization\RoughInitialization\Debug\link.7700-cvtres.read.1.tlog
C:\Users\549\Documents\GitHub\549\Experimental\RoughInitialization\RoughInitialization\Debug\link.7700-cvtres.write.1.tlog
C:\Users\549\Documents\GitHub\549\Experimental\RoughInitialization\RoughInitialization\Debug\link.7716.read.1.tlog
C:\Users\549\Documents\GitHub\549\Experimental\RoughInitialization\RoughInitialization\Debug\link.7716.write.1.tlog
C:\Users\549\Documents\GitHub\549\Experimental\RoughInitialization\RoughInitialization\Debug\link.7716-cvtres.read.1.tlog
C:\Users\549\Documents\GitHub\549\Experimental\RoughInitialization\RoughInitialization\Debug\link.7716-cvtres.write.1.tlog
C:\Users\549\Documents\GitHub\549\Experimental\RoughInitialization\RoughInitialization\Debug\link.7788.read.1.tlog
C:\Users\549\Documents\GitHub\549\Experimental\RoughInitialization\RoughInitialization\Debug\link.7788.write.1.tlog
C:\Users\549\Documents\GitHub\549\Experimental\RoughInitialization\RoughInitialization\Debug\link.7788-cvtres.read.1.tlog
C:\Users\549\Documents\GitHub\549\Experimental\RoughInitialization\RoughInitialization\Debug\link.7788-cvtres.write.1.tlog
C:\Users\549\Documents\GitHub\549\Experimental\RoughInitialization\RoughInitialization\Debug\link.8028.read.1.tlog
C:\Users\549\Documents\GitHub\549\Experimental\RoughInitialization\RoughInitialization\Debug\link.8028.write.1.tlog
C:\Users\549\Documents\GitHub\549\Experimental\RoughInitialization\RoughInitialization\Debug\link.8028-cvtres.read.1.tlog
C:\Users\549\Documents\GitHub\549\Experimental\RoughInitialization\RoughInitialization\Debug\link.8028-cvtres.write.1.tlog
C:\Users\549\Documents\GitHub\549\Experimental\RoughInitialization\RoughInitialization\Debug\link.8060.read.1.tlog
C:\Users\549\Documents\GitHub\549\Experimental\RoughInitialization\RoughInitialization\Debug\link.8060.write.1.tlog
C:\Users\549\Documents\GitHub\549\Experimental\RoughInitialization\RoughInitialization\Debug\link.8060-cvtres.read.1.tlog
C:\Users\549\Documents\GitHub\549\Experimental\RoughInitialization\RoughInitialization\Debug\link.8060-cvtres.write.1.tlog
C:\Users\549\Documents\GitHub\549\Experimental\RoughInitialization\RoughInitialization\Debug\link.8096.read.1.tlog
C:\Users\549\Documents\GitHub\549\Experimental\RoughInitialization\RoughInitialization\Debug\link.8096.write.1.tlog
C:\Users\549\Documents\GitHub\549\Experimental\RoughInitialization\RoughInitialization\Debug\link.8096-cvtres.read.1.tlog
C:\Users\549\Documents\GitHub\549\Experimental\RoughInitialization\RoughInitialization\Debug\link.8096-cvtres.write.1.tlog
C:\Users\549\Documents\GitHub\549\Experimental\RoughInitialization\RoughInitialization\Debug\link.8112.read.1.tlog
C:\Users\549\Documents\GitHub\549\Experimental\RoughInitialization\RoughInitialization\Debug\link.8112.write.1.tlog
C:\Users\549\Documents\GitHub\549\Experimental\RoughInitialization\RoughInitialization\Debug\link.8112-cvtres.read.1.tlog
C:\Users\549\Documents\GitHub\549\Experimental\RoughInitialization\RoughInitialization\Debug\link.8112-cvtres.write.1.tlog
C:\Users\549\Documents\GitHub\549\Experimental\RoughInitialization\RoughInitialization\Debug\link.8120.read.1.tlog
C:\Users\549\Documents\GitHub\549\Experimental\RoughInitialization\RoughInitialization\Debug\link.8120.write.1.tlog
C:\Users\549\Documents\GitHub\549\Experimental\RoughInitialization\RoughInitialization\Debug\link.8120-cvtres.read.1.tlog
C:\Users\549\Documents\GitHub\549\Experimental\RoughInitialization\RoughInitialization\Debug\link.8120-cvtres.write.1.tlog
C:\Users\549\Documents\GitHub\549\Experimental\RoughInitialization\RoughInitialization\Debug\link.8168.read.1.tlog
C:\Users\549\Documents\GitHub\549\Experimental\RoughInitialization\RoughInitialization\Debug\link.8168.write.1.tlog
C:\Users\549\Documents\GitHub\549\Experimental\RoughInitialization\RoughInitialization\Debug\link.8168-cvtres.read.1.tlog
C:\Users\549\Documents\GitHub\549\Experimental\RoughInitialization\RoughInitialization\Debug\link.8168-cvtres.write.1.tlog
C:\Users\549\Documents\GitHub\549\Experimental\RoughInitialization\RoughInitialization\Debug\link.8528.read.1.tlog
C:\Users\549\Documents\GitHub\549\Experimental\RoughInitialization\RoughInitialization\Debug\link.8528.write.1.tlog
C:\Users\549\Documents\GitHub\549\Experimental\RoughInitialization\RoughInitialization\Debug\link.8528-cvtres.read.1.tlog
C:\Users\549\Documents\GitHub\549\Experimental\RoughInitialization\RoughInitialization\Debug\link.8528-cvtres.write.1.tlog
C:\Users\549\Documents\GitHub\549\Experimental\RoughInitialization\RoughInitialization\Debug\link.8544.read.1.tlog
C:\Users\549\Documents\GitHub\549\Experimental\RoughInitialization\RoughInitialization\Debug\link.8544.write.1.tlog
C:\Users\549\Documents\GitHub\549\Experimental\RoughInitialization\RoughInitialization\Debug\link.8544-cvtres.read.1.tlog
C:\Users\549\Documents\GitHub\549\Experimental\RoughInitialization\RoughInitialization\Debug\link.8544-cvtres.write.1.tlog
C:\Users\549\Documents\GitHub\549\Experimental\RoughInitialization\RoughInitialization\Debug\link.8556.read.1.tlog
C:\Users\549\Documents\GitHub\549\Experimental\RoughInitialization\RoughInitialization\Debug\link.8556.write.1.tlog
C:\Users\549\Documents\GitHub\549\Experimental\RoughInitialization\RoughInitialization\Debug\link.8556-cvtres.read.1.tlog
C:\Users\549\Documents\GitHub\549\Experimental\RoughInitialization\RoughInitialization\Debug\link.8556-cvtres.write.1.tlog
C:\Users\549\Documents\GitHub\549\Experimental\RoughInitialization\RoughInitialization\Debug\link.8676.read.1.tlog
C:\Users\549\Documents\GitHub\549\Experimental\RoughInitialization\RoughInitialization\Debug\link.8676.write.1.tlog
C:\Users\549\Documents\GitHub\549\Experimental\RoughInitialization\RoughInitialization\Debug\link.8676-cvtres.read.1.tlog
C:\Users\549\Documents\GitHub\549\Experimental\RoughInitialization\RoughInitialization\Debug\link.8676-cvtres.write.1.tlog
C:\Users\549\Documents\GitHub\549\Experimental\RoughInitialization\RoughInitialization\Debug\link.8680.read.1.tlog
C:\Users\549\Documents\GitHub\549\Experimental\RoughInitialization\RoughInitialization\Debug\link.8680.write.1.tlog
C:\Users\549\Documents\GitHub\549\Experimental\RoughInitialization\RoughInitialization\Debug\link.8680-cvtres.read.1.tlog
C:\Users\549\Documents\GitHub\549\Experimental\RoughInitialization\RoughInitialization\Debug\link.8680-cvtres.write.1.tlog
C:\Users\549\Documents\GitHub\549\Experimental\RoughInitialization\RoughInitialization\Debug\link.8688.read.1.tlog
C:\Users\549\Documents\GitHub\549\Experimental\RoughInitialization\RoughInitialization\Debug\link.8688.write.1.tlog
C:\Users\549\Documents\GitHub\549\Experimental\RoughInitialization\RoughInitialization\Debug\link.8688-cvtres.read.1.tlog
C:\Users\549\Documents\GitHub\549\Experimental\RoughInitialization\RoughInitialization\Debug\link.8688-cvtres.write.1.tlog
C:\Users\549\Documents\GitHub\549\Experimental\RoughInitialization\RoughInitialization\Debug\link.8708.read.1.tlog
C:\Users\549\Documents\GitHub\549\Experimental\RoughInitialization\RoughInitialization\Debug\link.8708.write.1.tlog
C:\Users\549\Documents\GitHub\549\Experimental\RoughInitialization\RoughInitialization\Debug\link.8708-cvtres.read.1.tlog
C:\Users\549\Documents\GitHub\549\Experimental\RoughInitialization\RoughInitialization\Debug\link.8708-cvtres.write.1.tlog
C:\Users\549\Documents\GitHub\549\Experimental\RoughInitialization\RoughInitialization\Debug\link.8740.read.1.tlog
C:\Users\549\Documents\GitHub\549\Experimental\RoughInitialization\RoughInitialization\Debug\link.8740.write.1.tlog
C:\Users\549\Documents\GitHub\549\Experimental\RoughInitialization\RoughInitialization\Debug\link.8740-cvtres.read.1.tlog
C:\Users\549\Documents\GitHub\549\Experimental\RoughInitialization\RoughInitialization\Debug\link.8740-cvtres.write.1.tlog
C:\Users\549\Documents\GitHub\549\Experimental\RoughInitialization\RoughInitialization\Debug\link.8748.read.1.tlog
C:\Users\549\Documents\GitHub\549\Experimental\RoughInitialization\RoughInitialization\Debug\link.8748.write.1.tlog
C:\Users\549\Documents\GitHub\549\Experimental\RoughInitialization\RoughInitialization\Debug\link.8748-cvtres.read.1.tlog
C:\Users\549\Documents\GitHub\549\Experimental\RoughInitialization\RoughInitialization\Debug\link.8748-cvtres.write.1.tlog
C:\Users\549\Documents\GitHub\549\Experimental\RoughInitialization\RoughInitialization\Debug\link.8768.read.1.tlog
C:\Users\549\Documents\GitHub\549\Experimental\RoughInitialization\RoughInitialization\Debug\link.8768.write.1.tlog
C:\Users\549\Documents\GitHub\549\Experimental\RoughInitialization\RoughInitialization\Debug\link.8768-cvtres.read.1.tlog
C:\Users\549\Documents\GitHub\549\Experimental\RoughInitialization\RoughInitialization\Debug\link.8768-cvtres.write.1.tlog
C:\Users\549\Documents\GitHub\549\Experimental\RoughInitialization\RoughInitialization\Debug\link.8780.read.1.tlog
C:\Users\549\Documents\GitHub\549\Experimental\RoughInitialization\RoughInitialization\Debug\link.8780.write.1.tlog
C:\Users\549\Documents\GitHub\549\Experimental\RoughInitialization\RoughInitialization\Debug\link.8780-cvtres.read.1.tlog
C:\Users\549\Documents\GitHub\549\Experimental\RoughInitialization\RoughInitialization\Debug\link.8780-cvtres.write.1.tlog
C:\Users\549\Documents\GitHub\549\Experimental\RoughInitialization\RoughInitialization\Debug\link.9020.read.1.tlog
C:\Users\549\Documents\GitHub\549\Experimental\RoughInitialization\RoughInitialization\Debug\link.9020.write.1.tlog
C:\Users\549\Documents\GitHub\549\Experimental\RoughInitialization\RoughInitialization\Debug\link.9020-cvtres.read.1.tlog
C:\Users\549\Documents\GitHub\549\Experimental\RoughInitialization\RoughInitialization\Debug\link.9020-cvtres.write.1.tlog
C:\Users\549\Documents\GitHub\549\Experimental\RoughInitialization\RoughInitialization\Debug\link.9044.read.1.tlog
C:\Users\549\Documents\GitHub\549\Experimental\RoughInitialization\RoughInitialization\Debug\link.9044.write.1.tlog
C:\Users\549\Documents\GitHub\549\Experimental\RoughInitialization\RoughInitialization\Debug\link.9044-cvtres.read.1.tlog
C:\Users\549\Documents\GitHub\549\Experimental\RoughInitialization\RoughInitialization\Debug\link.9044-cvtres.write.1.tlog
C:\Users\549\Documents\GitHub\549\Experimental\RoughInitialization\RoughInitialization\Debug\link.9052.read.1.tlog
C:\Users\549\Documents\GitHub\549\Experimental\RoughInitialization\RoughInitialization\Debug\link.9052.write.1.tlog
C:\Users\549\Documents\GitHub\549\Experimental\RoughInitialization\RoughInitialization\Debug\link.9052-cvtres.read.1.tlog
C:\Users\549\Documents\GitHub\549\Experimental\RoughInitialization\RoughInitialization\Debug\link.9052-cvtres.write.1.tlog
C:\Users\549\Documents\GitHub\549\Experimental\RoughInitialization\RoughInitialization\Debug\link.9332.read.1.tlog
C:\Users\549\Documents\GitHub\549\Experimental\RoughInitialization\RoughInitialization\Debug\link.9332.write.1.tlog
C:\Users\549\Documents\GitHub\549\Experimental\RoughInitialization\RoughInitialization\Debug\link.9332-cvtres.read.1.tlog
C:\Users\549\Documents\GitHub\549\Experimental\RoughInitialization\RoughInitialization\Debug\link.9332-cvtres.write.1.tlog
C:\Users\549\Documents\GitHub\549\Experimental\RoughInitialization\RoughInitialization\Debug\link.9812.read.1.tlog
C:\Users\549\Documents\GitHub\549\Experimental\RoughInitialization\RoughInitialization\Debug\link.9812.write.1.tlog
C:\Users\549\Documents\GitHub\549\Experimental\RoughInitialization\RoughInitialization\Debug\link.9812-cvtres.read.1.tlog
C:\Users\549\Documents\GitHub\549\Experimental\RoughInitialization\RoughInitialization\Debug\link.9812-cvtres.write.1.tlog
C:\Users\549\Documents\GitHub\549\Experimental\RoughInitialization\RoughInitialization\Debug\link.command.1.tlog
C:\Users\549\Documents\GitHub\549\Experimental\RoughInitialization\RoughInitialization\Debug\link.read.1.tlog
C:\Users\549\Documents\GitHub\549\Experimental\RoughInitialization\RoughInitialization\Debug\link.write.1.tlog
C:\Users\549\Documents\GitHub\549\Experimental\RoughInitialization\RoughInitialization\Debug\link-cvtres.read.1.tlog
C:\Users\549\Documents\GitHub\549\Experimental\RoughInitialization\RoughInitialization\Debug\link-cvtres.write.1.tlog
C:\USERS\549\DOCUMENTS\GITHUB\549\EXPERIMENTAL\ROUGHINITIALIZATION\ROUGHINITIALIZATION\DEBUG\MAIN.OBJ
C:\Users\549\Documents\GitHub\549\Experimental\RoughInitialization\RoughInitialization\Debug\mt.command.1.tlog
C:\Users\549\Documents\GitHub\549\Experimental\RoughInitialization\RoughInitialization\Debug\mt.read.1.tlog
C:\Users\549\Documents\GitHub\549\Experimental\RoughInitialization\RoughInitialization\Debug\mt.write.1.tlog
C:\USERS\549\DOCUMENTS\GITHUB\549\EXPERIMENTAL\ROUGHINITIALIZATION\ROUGHINITIALIZATION\DEBUG\NETWORKSERVICES.OBJ
C:\USERS\549\DOCUMENTS\GITHUB\549\EXPERIMENTAL\ROUGHINITIALIZATION\ROUGHINITIALIZATION\DEBUG\PROJECTOR.OBJ
C:\Users\549\Documents\GitHub\549\Experimental\RoughInitialization\RoughInitialization\Debug\rc.command.1.tlog
C:\Users\549\Documents\GitHub\549\Experimental\RoughInitialization\RoughInitialization\Debug\rc.read.1.tlog
C:\Users\549\Documents\GitHub\549\Experimental\RoughInitialization\RoughInitialization\Debug\rc.write.1.tlog
C:\USERS\549\DOCUMENTS\GITHUB\549\EXPERIMENTAL\ROUGHINITIALIZATION\ROUGHINITIALIZATION\DEBUG\ROUGHINITIALIZATION.EXE.EMBED.MANIFEST
C:\USERS\549\DOCUMENTS\GITHUB\549\EXPERIMENTAL\ROUGHINITIALIZATION\ROUGHINITIALIZATION\DEBUG\ROUGHINITIALIZATION.EXE.EMBED.MANIFEST.RES
C:\USERS\549\DOCUMENTS\GITHUB\549\EXPERIMENTAL\ROUGHINITIALIZATION\ROUGHINITIALIZATION\DEBUG\ROUGHINITIALIZATION.EXE.INTERMEDIATE.MANIFEST
C:\Users\549\Documents\GitHub\549\Experimental\RoughInitialization\RoughInitialization\Debug\RoughInitialization_manifest.rc
C:\USERS\549\DOCUMENTS\GITHUB\549\EXPERIMENTAL\ROUGHINITIALIZATION\ROUGHINITIALIZATION\DEBUG\SERVER.OBJ
C:\USERS\549\DOCUMENTS\GITHUB\549\EXPERIMENTAL\ROUGHINITIALIZATION\ROUGHINITIALIZATION\DEBUG\SERVERNETWORK.OBJ
C:\Users\549\Documents\GitHub\549\Experimental\RoughInitialization\RoughInitialization\Debug\vc100.idb
C:\USERS\549\DOCUMENTS\GITHUB\549\EXPERIMENTAL\ROUGHINITIALIZATION\ROUGHINITIALIZATION\DEBUG\VC100.PDB
